Performing C SOURCE FILE Test OpenMP_FLAG_DETECTED failed with the following output:
Change Dir: /home/export/base/CPC/cpc051/zhaocg/gromacs-5.1.5/build/CMakeFiles/CMakeTmp

Run Build Command:/usr/bin/gmake "cmTryCompileExec3458433022/fast"
/usr/bin/gmake -f CMakeFiles/cmTryCompileExec3458433022.dir/build.make CMakeFiles/cmTryCompileExec3458433022.dir/build
gmake[1]: Entering directory `/home/export/online1/cpc051/zhaocg/gromacs-5.1.5/build/CMakeFiles/CMakeTmp'
/usr/bin/cmake -E cmake_progress_report /home/export/base/CPC/cpc051/zhaocg/gromacs-5.1.5/build/CMakeFiles/CMakeTmp/CMakeFiles 1
Building C object CMakeFiles/cmTryCompileExec3458433022.dir/src.c.o
/usr/sw-mpp/bin/mpicc   -DOpenMP_FLAG_DETECTED -fopenmp   -o CMakeFiles/cmTryCompileExec3458433022.dir/src.c.o   -c /home/export/base/CPC/cpc051/zhaocg/gromacs-5.1.5/build/CMakeFiles/CMakeTmp/src.c
/home/export/base/CPC/cpc051/zhaocg/gromacs-5.1.5/build/CMakeFiles/CMakeTmp/src.c:2:17: error: omp.h: No such file or directory
gmake[1]: *** [CMakeFiles/cmTryCompileExec3458433022.dir/src.c.o] Error 1
gmake[1]: Leaving directory `/home/export/online1/cpc051/zhaocg/gromacs-5.1.5/build/CMakeFiles/CMakeTmp'
gmake: *** [cmTryCompileExec3458433022/fast] Error 2

Source file was:

#include <omp.h>
int main() {
#ifdef _OPENMP
  return 0;
#else
  breaks_on_purpose
#endif
}

Performing C SOURCE FILE Test OpenMP_FLAG_DETECTED failed with the following output:
Change Dir: /home/export/base/CPC/cpc051/zhaocg/gromacs-5.1.5/build/CMakeFiles/CMakeTmp

Run Build Command:/usr/bin/gmake "cmTryCompileExec2987947874/fast"
/usr/bin/gmake -f CMakeFiles/cmTryCompileExec2987947874.dir/build.make CMakeFiles/cmTryCompileExec2987947874.dir/build
gmake[1]: Entering directory `/home/export/online1/cpc051/zhaocg/gromacs-5.1.5/build/CMakeFiles/CMakeTmp'
/usr/bin/cmake -E cmake_progress_report /home/export/base/CPC/cpc051/zhaocg/gromacs-5.1.5/build/CMakeFiles/CMakeTmp/CMakeFiles 1
Building C object CMakeFiles/cmTryCompileExec2987947874.dir/src.c.o
/usr/sw-mpp/bin/mpicc   -DOpenMP_FLAG_DETECTED   -o CMakeFiles/cmTryCompileExec2987947874.dir/src.c.o   -c /home/export/base/CPC/cpc051/zhaocg/gromacs-5.1.5/build/CMakeFiles/CMakeTmp/src.c
/home/export/base/CPC/cpc051/zhaocg/gromacs-5.1.5/build/CMakeFiles/CMakeTmp/src.c:2:17: error: omp.h: No such file or directory
gmake[1]: *** [CMakeFiles/cmTryCompileExec2987947874.dir/src.c.o] Error 1
gmake[1]: Leaving directory `/home/export/online1/cpc051/zhaocg/gromacs-5.1.5/build/CMakeFiles/CMakeTmp'
gmake: *** [cmTryCompileExec2987947874/fast] Error 2

Source file was:

#include <omp.h>
int main() {
#ifdef _OPENMP
  return 0;
#else
  breaks_on_purpose
#endif
}

Performing C SOURCE FILE Test OpenMP_FLAG_DETECTED failed with the following output:
Change Dir: /home/export/base/CPC/cpc051/zhaocg/gromacs-5.1.5/build/CMakeFiles/CMakeTmp

Run Build Command:/usr/bin/gmake "cmTryCompileExec531998921/fast"
/usr/bin/gmake -f CMakeFiles/cmTryCompileExec531998921.dir/build.make CMakeFiles/cmTryCompileExec531998921.dir/build
gmake[1]: Entering directory `/home/export/online1/cpc051/zhaocg/gromacs-5.1.5/build/CMakeFiles/CMakeTmp'
/usr/bin/cmake -E cmake_progress_report /home/export/base/CPC/cpc051/zhaocg/gromacs-5.1.5/build/CMakeFiles/CMakeTmp/CMakeFiles 1
Building C object CMakeFiles/cmTryCompileExec531998921.dir/src.c.o
/usr/sw-mpp/bin/mpicc   -DOpenMP_FLAG_DETECTED /openmp   -o CMakeFiles/cmTryCompileExec531998921.dir/src.c.o   -c /home/export/base/CPC/cpc051/zhaocg/gromacs-5.1.5/build/CMakeFiles/CMakeTmp/src.c
/home/export/base/CPC/cpc051/zhaocg/gromacs-5.1.5/build/CMakeFiles/CMakeTmp/src.c:2:17: error: omp.h: No such file or directory
gmake[1]: *** [CMakeFiles/cmTryCompileExec531998921.dir/src.c.o] Error 1
gmake[1]: Leaving directory `/home/export/online1/cpc051/zhaocg/gromacs-5.1.5/build/CMakeFiles/CMakeTmp'
gmake: *** [cmTryCompileExec531998921/fast] Error 2

Source file was:

#include <omp.h>
int main() {
#ifdef _OPENMP
  return 0;
#else
  breaks_on_purpose
#endif
}

Performing C SOURCE FILE Test OpenMP_FLAG_DETECTED failed with the following output:
Change Dir: /home/export/base/CPC/cpc051/zhaocg/gromacs-5.1.5/build/CMakeFiles/CMakeTmp

Run Build Command:/usr/bin/gmake "cmTryCompileExec3046490946/fast"
/usr/bin/gmake -f CMakeFiles/cmTryCompileExec3046490946.dir/build.make CMakeFiles/cmTryCompileExec3046490946.dir/build
gmake[1]: Entering directory `/home/export/online1/cpc051/zhaocg/gromacs-5.1.5/build/CMakeFiles/CMakeTmp'
/usr/bin/cmake -E cmake_progress_report /home/export/base/CPC/cpc051/zhaocg/gromacs-5.1.5/build/CMakeFiles/CMakeTmp/CMakeFiles 1
Building C object CMakeFiles/cmTryCompileExec3046490946.dir/src.c.o
/usr/sw-mpp/bin/mpicc   -DOpenMP_FLAG_DETECTED -Qopenmp   -o CMakeFiles/cmTryCompileExec3046490946.dir/src.c.o   -c /home/export/base/CPC/cpc051/zhaocg/gromacs-5.1.5/build/CMakeFiles/CMakeTmp/src.c
cc ERROR parsing -Qopenmp: unknown flag
gmake[1]: *** [CMakeFiles/cmTryCompileExec3046490946.dir/src.c.o] Error 2
gmake[1]: Leaving directory `/home/export/online1/cpc051/zhaocg/gromacs-5.1.5/build/CMakeFiles/CMakeTmp'
gmake: *** [cmTryCompileExec3046490946/fast] Error 2

Source file was:

#include <omp.h>
int main() {
#ifdef _OPENMP
  return 0;
#else
  breaks_on_purpose
#endif
}

Performing C SOURCE FILE Test OpenMP_FLAG_DETECTED failed with the following output:
Change Dir: /home/export/base/CPC/cpc051/zhaocg/gromacs-5.1.5/build/CMakeFiles/CMakeTmp

Run Build Command:/usr/bin/gmake "cmTryCompileExec2695767669/fast"
/usr/bin/gmake -f CMakeFiles/cmTryCompileExec2695767669.dir/build.make CMakeFiles/cmTryCompileExec2695767669.dir/build
gmake[1]: Entering directory `/home/export/online1/cpc051/zhaocg/gromacs-5.1.5/build/CMakeFiles/CMakeTmp'
/usr/bin/cmake -E cmake_progress_report /home/export/base/CPC/cpc051/zhaocg/gromacs-5.1.5/build/CMakeFiles/CMakeTmp/CMakeFiles 1
Building C object CMakeFiles/cmTryCompileExec2695767669.dir/src.c.o
/usr/sw-mpp/bin/mpicc   -DOpenMP_FLAG_DETECTED -openmp   -o CMakeFiles/cmTryCompileExec2695767669.dir/src.c.o   -c /home/export/base/CPC/cpc051/zhaocg/gromacs-5.1.5/build/CMakeFiles/CMakeTmp/src.c
cc INTERNAL ERROR: couldn't unset option -1
gmake[1]: *** [CMakeFiles/cmTryCompileExec2695767669.dir/src.c.o] Error 1
gmake[1]: Leaving directory `/home/export/online1/cpc051/zhaocg/gromacs-5.1.5/build/CMakeFiles/CMakeTmp'
gmake: *** [cmTryCompileExec2695767669/fast] Error 2

Source file was:

#include <omp.h>
int main() {
#ifdef _OPENMP
  return 0;
#else
  breaks_on_purpose
#endif
}

Performing C SOURCE FILE Test OpenMP_FLAG_DETECTED failed with the following output:
Change Dir: /home/export/base/CPC/cpc051/zhaocg/gromacs-5.1.5/build/CMakeFiles/CMakeTmp

Run Build Command:/usr/bin/gmake "cmTryCompileExec2457519530/fast"
/usr/bin/gmake -f CMakeFiles/cmTryCompileExec2457519530.dir/build.make CMakeFiles/cmTryCompileExec2457519530.dir/build
gmake[1]: Entering directory `/home/export/online1/cpc051/zhaocg/gromacs-5.1.5/build/CMakeFiles/CMakeTmp'
/usr/bin/cmake -E cmake_progress_report /home/export/base/CPC/cpc051/zhaocg/gromacs-5.1.5/build/CMakeFiles/CMakeTmp/CMakeFiles 1
Building C object CMakeFiles/cmTryCompileExec2457519530.dir/src.c.o
/usr/sw-mpp/bin/mpicc   -DOpenMP_FLAG_DETECTED -xopenmp   -o CMakeFiles/cmTryCompileExec2457519530.dir/src.c.o   -c /home/export/base/CPC/cpc051/zhaocg/gromacs-5.1.5/build/CMakeFiles/CMakeTmp/src.c
cc ERROR parsing openmp: Unknown language
gmake[1]: Leaving directory `/home/export/online1/cpc051/zhaocg/gromacs-5.1.5/build/CMakeFiles/CMakeTmp'
gmake[1]: *** [CMakeFiles/cmTryCompileExec2457519530.dir/src.c.o] Error 1
gmake: *** [cmTryCompileExec2457519530/fast] Error 2

Source file was:

#include <omp.h>
int main() {
#ifdef _OPENMP
  return 0;
#else
  breaks_on_purpose
#endif
}

Performing C SOURCE FILE Test OpenMP_FLAG_DETECTED failed with the following output:
Change Dir: /home/export/base/CPC/cpc051/zhaocg/gromacs-5.1.5/build/CMakeFiles/CMakeTmp

Run Build Command:/usr/bin/gmake "cmTryCompileExec3205510857/fast"
/usr/bin/gmake -f CMakeFiles/cmTryCompileExec3205510857.dir/build.make CMakeFiles/cmTryCompileExec3205510857.dir/build
gmake[1]: Entering directory `/home/export/online1/cpc051/zhaocg/gromacs-5.1.5/build/CMakeFiles/CMakeTmp'
/usr/bin/cmake -E cmake_progress_report /home/export/base/CPC/cpc051/zhaocg/gromacs-5.1.5/build/CMakeFiles/CMakeTmp/CMakeFiles 1
Building C object CMakeFiles/cmTryCompileExec3205510857.dir/src.c.o
/usr/sw-mpp/bin/mpicc   -DOpenMP_FLAG_DETECTED +Oopenmp   -o CMakeFiles/cmTryCompileExec3205510857.dir/src.c.o   -c /home/export/base/CPC/cpc051/zhaocg/gromacs-5.1.5/build/CMakeFiles/CMakeTmp/src.c
cc ERROR parsing +Oopenmp: bad syntax
gmake[1]: *** [CMakeFiles/cmTryCompileExec3205510857.dir/src.c.o] Error 2
gmake[1]: Leaving directory `/home/export/online1/cpc051/zhaocg/gromacs-5.1.5/build/CMakeFiles/CMakeTmp'
gmake: *** [cmTryCompileExec3205510857/fast] Error 2

Source file was:

#include <omp.h>
int main() {
#ifdef _OPENMP
  return 0;
#else
  breaks_on_purpose
#endif
}

Performing C SOURCE FILE Test OpenMP_FLAG_DETECTED failed with the following output:
Change Dir: /home/export/base/CPC/cpc051/zhaocg/gromacs-5.1.5/build/CMakeFiles/CMakeTmp

Run Build Command:/usr/bin/gmake "cmTryCompileExec3583334116/fast"
/usr/bin/gmake -f CMakeFiles/cmTryCompileExec3583334116.dir/build.make CMakeFiles/cmTryCompileExec3583334116.dir/build
gmake[1]: Entering directory `/home/export/online1/cpc051/zhaocg/gromacs-5.1.5/build/CMakeFiles/CMakeTmp'
/usr/bin/cmake -E cmake_progress_report /home/export/base/CPC/cpc051/zhaocg/gromacs-5.1.5/build/CMakeFiles/CMakeTmp/CMakeFiles 1
Building C object CMakeFiles/cmTryCompileExec3583334116.dir/src.c.o
/usr/sw-mpp/bin/mpicc   -DOpenMP_FLAG_DETECTED -qsmp   -o CMakeFiles/cmTryCompileExec3583334116.dir/src.c.o   -c /home/export/base/CPC/cpc051/zhaocg/gromacs-5.1.5/build/CMakeFiles/CMakeTmp/src.c
cc ERROR parsing -qsmp: unknown flag
gmake[1]: *** [CMakeFiles/cmTryCompileExec3583334116.dir/src.c.o] Error 2
gmake[1]: Leaving directory `/home/export/online1/cpc051/zhaocg/gromacs-5.1.5/build/CMakeFiles/CMakeTmp'
gmake: *** [cmTryCompileExec3583334116/fast] Error 2

Source file was:

#include <omp.h>
int main() {
#ifdef _OPENMP
  return 0;
#else
  breaks_on_purpose
#endif
}

Performing C SOURCE FILE Test OpenMP_FLAG_DETECTED failed with the following output:
Change Dir: /home/export/base/CPC/cpc051/zhaocg/gromacs-5.1.5/build/CMakeFiles/CMakeTmp

Run Build Command:/usr/bin/gmake "cmTryCompileExec1325127197/fast"
/usr/bin/gmake -f CMakeFiles/cmTryCompileExec1325127197.dir/build.make CMakeFiles/cmTryCompileExec1325127197.dir/build
gmake[1]: Entering directory `/home/export/online1/cpc051/zhaocg/gromacs-5.1.5/build/CMakeFiles/CMakeTmp'
/usr/bin/cmake -E cmake_progress_report /home/export/base/CPC/cpc051/zhaocg/gromacs-5.1.5/build/CMakeFiles/CMakeTmp/CMakeFiles 1
Building C object CMakeFiles/cmTryCompileExec1325127197.dir/src.c.o
/usr/sw-mpp/bin/mpicc   -DOpenMP_FLAG_DETECTED -mp   -o CMakeFiles/cmTryCompileExec1325127197.dir/src.c.o   -c /home/export/base/CPC/cpc051/zhaocg/gromacs-5.1.5/build/CMakeFiles/CMakeTmp/src.c
/home/export/base/CPC/cpc051/zhaocg/gromacs-5.1.5/build/CMakeFiles/CMakeTmp/src.c:2:17: error: omp.h: No such file or directory
gmake[1]: *** [CMakeFiles/cmTryCompileExec1325127197.dir/src.c.o] Error 1
gmake[1]: Leaving directory `/home/export/online1/cpc051/zhaocg/gromacs-5.1.5/build/CMakeFiles/CMakeTmp'
gmake: *** [cmTryCompileExec1325127197/fast] Error 2

Source file was:

#include <omp.h>
int main() {
#ifdef _OPENMP
  return 0;
#else
  breaks_on_purpose
#endif
}

Performing C++ SOURCE FILE Test OpenMP_FLAG_DETECTED failed with the following output:
Change Dir: /home/export/base/CPC/cpc051/zhaocg/gromacs-5.1.5/build/CMakeFiles/CMakeTmp

Run Build Command:/usr/bin/gmake "cmTryCompileExec3273854403/fast"
/usr/bin/gmake -f CMakeFiles/cmTryCompileExec3273854403.dir/build.make CMakeFiles/cmTryCompileExec3273854403.dir/build
gmake[1]: Entering directory `/home/export/online1/cpc051/zhaocg/gromacs-5.1.5/build/CMakeFiles/CMakeTmp'
/usr/bin/cmake -E cmake_progress_report /home/export/base/CPC/cpc051/zhaocg/gromacs-5.1.5/build/CMakeFiles/CMakeTmp/CMakeFiles 1
Building CXX object CMakeFiles/cmTryCompileExec3273854403.dir/src.cxx.o
/usr/sw-mpp/bin/mpiCC    -DOpenMP_FLAG_DETECTED -fopenmp   -o CMakeFiles/cmTryCompileExec3273854403.dir/src.cxx.o -c /home/export/base/CPC/cpc051/zhaocg/gromacs-5.1.5/build/CMakeFiles/CMakeTmp/src.cxx
/home/export/base/CPC/cpc051/zhaocg/gromacs-5.1.5/build/CMakeFiles/CMakeTmp/src.cxx:2:17: error: omp.h: No such file or directory
gmake[1]: *** [CMakeFiles/cmTryCompileExec3273854403.dir/src.cxx.o] Error 1
gmake[1]: Leaving directory `/home/export/online1/cpc051/zhaocg/gromacs-5.1.5/build/CMakeFiles/CMakeTmp'
gmake: *** [cmTryCompileExec3273854403/fast] Error 2

Source file was:

#include <omp.h>
int main() {
#ifdef _OPENMP
  return 0;
#else
  breaks_on_purpose
#endif
}

Performing C++ SOURCE FILE Test OpenMP_FLAG_DETECTED failed with the following output:
Change Dir: /home/export/base/CPC/cpc051/zhaocg/gromacs-5.1.5/build/CMakeFiles/CMakeTmp

Run Build Command:/usr/bin/gmake "cmTryCompileExec3872362192/fast"
/usr/bin/gmake -f CMakeFiles/cmTryCompileExec3872362192.dir/build.make CMakeFiles/cmTryCompileExec3872362192.dir/build
gmake[1]: Entering directory `/home/export/online1/cpc051/zhaocg/gromacs-5.1.5/build/CMakeFiles/CMakeTmp'
/usr/bin/cmake -E cmake_progress_report /home/export/base/CPC/cpc051/zhaocg/gromacs-5.1.5/build/CMakeFiles/CMakeTmp/CMakeFiles 1
Building CXX object CMakeFiles/cmTryCompileExec3872362192.dir/src.cxx.o
/usr/sw-mpp/bin/mpiCC    -DOpenMP_FLAG_DETECTED   -o CMakeFiles/cmTryCompileExec3872362192.dir/src.cxx.o -c /home/export/base/CPC/cpc051/zhaocg/gromacs-5.1.5/build/CMakeFiles/CMakeTmp/src.cxx
/home/export/base/CPC/cpc051/zhaocg/gromacs-5.1.5/build/CMakeFiles/CMakeTmp/src.cxx:2:17: error: omp.h: No such file or directory
gmake[1]: *** [CMakeFiles/cmTryCompileExec3872362192.dir/src.cxx.o] Error 1
gmake[1]: Leaving directory `/home/export/online1/cpc051/zhaocg/gromacs-5.1.5/build/CMakeFiles/CMakeTmp'
gmake: *** [cmTryCompileExec3872362192/fast] Error 2

Source file was:

#include <omp.h>
int main() {
#ifdef _OPENMP
  return 0;
#else
  breaks_on_purpose
#endif
}

Performing C++ SOURCE FILE Test OpenMP_FLAG_DETECTED failed with the following output:
Change Dir: /home/export/base/CPC/cpc051/zhaocg/gromacs-5.1.5/build/CMakeFiles/CMakeTmp

Run Build Command:/usr/bin/gmake "cmTryCompileExec2500058868/fast"
/usr/bin/gmake -f CMakeFiles/cmTryCompileExec2500058868.dir/build.make CMakeFiles/cmTryCompileExec2500058868.dir/build
gmake[1]: Entering directory `/home/export/online1/cpc051/zhaocg/gromacs-5.1.5/build/CMakeFiles/CMakeTmp'
/usr/bin/cmake -E cmake_progress_report /home/export/base/CPC/cpc051/zhaocg/gromacs-5.1.5/build/CMakeFiles/CMakeTmp/CMakeFiles 1
Building CXX object CMakeFiles/cmTryCompileExec2500058868.dir/src.cxx.o
/usr/sw-mpp/bin/mpiCC    -DOpenMP_FLAG_DETECTED /openmp   -o CMakeFiles/cmTryCompileExec2500058868.dir/src.cxx.o -c /home/export/base/CPC/cpc051/zhaocg/gromacs-5.1.5/build/CMakeFiles/CMakeTmp/src.cxx
/home/export/base/CPC/cpc051/zhaocg/gromacs-5.1.5/build/CMakeFiles/CMakeTmp/src.cxx:2:17: error: omp.h: No such file or directory
gmake[1]: *** [CMakeFiles/cmTryCompileExec2500058868.dir/src.cxx.o] Error 1
gmake[1]: Leaving directory `/home/export/online1/cpc051/zhaocg/gromacs-5.1.5/build/CMakeFiles/CMakeTmp'
gmake: *** [cmTryCompileExec2500058868/fast] Error 2

Source file was:

#include <omp.h>
int main() {
#ifdef _OPENMP
  return 0;
#else
  breaks_on_purpose
#endif
}

Performing C++ SOURCE FILE Test OpenMP_FLAG_DETECTED failed with the following output:
Change Dir: /home/export/base/CPC/cpc051/zhaocg/gromacs-5.1.5/build/CMakeFiles/CMakeTmp

Run Build Command:/usr/bin/gmake "cmTryCompileExec2222627056/fast"
/usr/bin/gmake -f CMakeFiles/cmTryCompileExec2222627056.dir/build.make CMakeFiles/cmTryCompileExec2222627056.dir/build
gmake[1]: Entering directory `/home/export/online1/cpc051/zhaocg/gromacs-5.1.5/build/CMakeFiles/CMakeTmp'
/usr/bin/cmake -E cmake_progress_report /home/export/base/CPC/cpc051/zhaocg/gromacs-5.1.5/build/CMakeFiles/CMakeTmp/CMakeFiles 1
Building CXX object CMakeFiles/cmTryCompileExec2222627056.dir/src.cxx.o
/usr/sw-mpp/bin/mpiCC    -DOpenMP_FLAG_DETECTED -Qopenmp   -o CMakeFiles/cmTryCompileExec2222627056.dir/src.cxx.o -c /home/export/base/CPC/cpc051/zhaocg/gromacs-5.1.5/build/CMakeFiles/CMakeTmp/src.cxx
CC ERROR parsing -Qopenmp: unknown flag
gmake[1]: *** [CMakeFiles/cmTryCompileExec2222627056.dir/src.cxx.o] Error 2
gmake[1]: Leaving directory `/home/export/online1/cpc051/zhaocg/gromacs-5.1.5/build/CMakeFiles/CMakeTmp'
gmake: *** [cmTryCompileExec2222627056/fast] Error 2

Source file was:

#include <omp.h>
int main() {
#ifdef _OPENMP
  return 0;
#else
  breaks_on_purpose
#endif
}

Performing C++ SOURCE FILE Test OpenMP_FLAG_DETECTED failed with the following output:
Change Dir: /home/export/base/CPC/cpc051/zhaocg/gromacs-5.1.5/build/CMakeFiles/CMakeTmp

Run Build Command:/usr/bin/gmake "cmTryCompileExec847077011/fast"
/usr/bin/gmake -f CMakeFiles/cmTryCompileExec847077011.dir/build.make CMakeFiles/cmTryCompileExec847077011.dir/build
gmake[1]: Entering directory `/home/export/online1/cpc051/zhaocg/gromacs-5.1.5/build/CMakeFiles/CMakeTmp'
/usr/bin/cmake -E cmake_progress_report /home/export/base/CPC/cpc051/zhaocg/gromacs-5.1.5/build/CMakeFiles/CMakeTmp/CMakeFiles 1
Building CXX object CMakeFiles/cmTryCompileExec847077011.dir/src.cxx.o
/usr/sw-mpp/bin/mpiCC    -DOpenMP_FLAG_DETECTED -openmp   -o CMakeFiles/cmTryCompileExec847077011.dir/src.cxx.o -c /home/export/base/CPC/cpc051/zhaocg/gromacs-5.1.5/build/CMakeFiles/CMakeTmp/src.cxx
CC INTERNAL ERROR: couldn't unset option -1
gmake[1]: *** [CMakeFiles/cmTryCompileExec847077011.dir/src.cxx.o] Error 1
gmake[1]: Leaving directory `/home/export/online1/cpc051/zhaocg/gromacs-5.1.5/build/CMakeFiles/CMakeTmp'
gmake: *** [cmTryCompileExec847077011/fast] Error 2

Source file was:

#include <omp.h>
int main() {
#ifdef _OPENMP
  return 0;
#else
  breaks_on_purpose
#endif
}

Performing C++ SOURCE FILE Test OpenMP_FLAG_DETECTED failed with the following output:
Change Dir: /home/export/base/CPC/cpc051/zhaocg/gromacs-5.1.5/build/CMakeFiles/CMakeTmp

Run Build Command:/usr/bin/gmake "cmTryCompileExec2372826229/fast"
/usr/bin/gmake -f CMakeFiles/cmTryCompileExec2372826229.dir/build.make CMakeFiles/cmTryCompileExec2372826229.dir/build
gmake[1]: Entering directory `/home/export/online1/cpc051/zhaocg/gromacs-5.1.5/build/CMakeFiles/CMakeTmp'
/usr/bin/cmake -E cmake_progress_report /home/export/base/CPC/cpc051/zhaocg/gromacs-5.1.5/build/CMakeFiles/CMakeTmp/CMakeFiles 1
Building CXX object CMakeFiles/cmTryCompileExec2372826229.dir/src.cxx.o
/usr/sw-mpp/bin/mpiCC    -DOpenMP_FLAG_DETECTED -xopenmp   -o CMakeFiles/cmTryCompileExec2372826229.dir/src.cxx.o -c /home/export/base/CPC/cpc051/zhaocg/gromacs-5.1.5/build/CMakeFiles/CMakeTmp/src.cxx
CC ERROR parsing openmp: Unknown language
gmake[1]: *** [CMakeFiles/cmTryCompileExec2372826229.dir/src.cxx.o] Error 1
gmake[1]: Leaving directory `/home/export/online1/cpc051/zhaocg/gromacs-5.1.5/build/CMakeFiles/CMakeTmp'
gmake: *** [cmTryCompileExec2372826229/fast] Error 2

Source file was:

#include <omp.h>
int main() {
#ifdef _OPENMP
  return 0;
#else
  breaks_on_purpose
#endif
}

Performing C++ SOURCE FILE Test OpenMP_FLAG_DETECTED failed with the following output:
Change Dir: /home/export/base/CPC/cpc051/zhaocg/gromacs-5.1.5/build/CMakeFiles/CMakeTmp

Run Build Command:/usr/bin/gmake "cmTryCompileExec3310932733/fast"
/usr/bin/gmake -f CMakeFiles/cmTryCompileExec3310932733.dir/build.make CMakeFiles/cmTryCompileExec3310932733.dir/build
gmake[1]: Entering directory `/home/export/online1/cpc051/zhaocg/gromacs-5.1.5/build/CMakeFiles/CMakeTmp'
/usr/bin/cmake -E cmake_progress_report /home/export/base/CPC/cpc051/zhaocg/gromacs-5.1.5/build/CMakeFiles/CMakeTmp/CMakeFiles 1
Building CXX object CMakeFiles/cmTryCompileExec3310932733.dir/src.cxx.o
/usr/sw-mpp/bin/mpiCC    -DOpenMP_FLAG_DETECTED +Oopenmp   -o CMakeFiles/cmTryCompileExec3310932733.dir/src.cxx.o -c /home/export/base/CPC/cpc051/zhaocg/gromacs-5.1.5/build/CMakeFiles/CMakeTmp/src.cxx
CC ERROR parsing +Oopenmp: bad syntax
gmake[1]: *** [CMakeFiles/cmTryCompileExec3310932733.dir/src.cxx.o] Error 2
gmake[1]: Leaving directory `/home/export/online1/cpc051/zhaocg/gromacs-5.1.5/build/CMakeFiles/CMakeTmp'
gmake: *** [cmTryCompileExec3310932733/fast] Error 2

Source file was:

#include <omp.h>
int main() {
#ifdef _OPENMP
  return 0;
#else
  breaks_on_purpose
#endif
}

Performing C++ SOURCE FILE Test OpenMP_FLAG_DETECTED failed with the following output:
Change Dir: /home/export/base/CPC/cpc051/zhaocg/gromacs-5.1.5/build/CMakeFiles/CMakeTmp

Run Build Command:/usr/bin/gmake "cmTryCompileExec787443942/fast"
/usr/bin/gmake -f CMakeFiles/cmTryCompileExec787443942.dir/build.make CMakeFiles/cmTryCompileExec787443942.dir/build
gmake[1]: Entering directory `/home/export/online1/cpc051/zhaocg/gromacs-5.1.5/build/CMakeFiles/CMakeTmp'
/usr/bin/cmake -E cmake_progress_report /home/export/base/CPC/cpc051/zhaocg/gromacs-5.1.5/build/CMakeFiles/CMakeTmp/CMakeFiles 1
Building CXX object CMakeFiles/cmTryCompileExec787443942.dir/src.cxx.o
/usr/sw-mpp/bin/mpiCC    -DOpenMP_FLAG_DETECTED -qsmp   -o CMakeFiles/cmTryCompileExec787443942.dir/src.cxx.o -c /home/export/base/CPC/cpc051/zhaocg/gromacs-5.1.5/build/CMakeFiles/CMakeTmp/src.cxx
CC ERROR parsing -qsmp: unknown flag
gmake[1]: *** [CMakeFiles/cmTryCompileExec787443942.dir/src.cxx.o] Error 2
gmake[1]: Leaving directory `/home/export/online1/cpc051/zhaocg/gromacs-5.1.5/build/CMakeFiles/CMakeTmp'
gmake: *** [cmTryCompileExec787443942/fast] Error 2

Source file was:

#include <omp.h>
int main() {
#ifdef _OPENMP
  return 0;
#else
  breaks_on_purpose
#endif
}

Performing C++ SOURCE FILE Test OpenMP_FLAG_DETECTED failed with the following output:
Change Dir: /home/export/base/CPC/cpc051/zhaocg/gromacs-5.1.5/build/CMakeFiles/CMakeTmp

Run Build Command:/usr/bin/gmake "cmTryCompileExec1424798877/fast"
/usr/bin/gmake -f CMakeFiles/cmTryCompileExec1424798877.dir/build.make CMakeFiles/cmTryCompileExec1424798877.dir/build
gmake[1]: Entering directory `/home/export/online1/cpc051/zhaocg/gromacs-5.1.5/build/CMakeFiles/CMakeTmp'
/usr/bin/cmake -E cmake_progress_report /home/export/base/CPC/cpc051/zhaocg/gromacs-5.1.5/build/CMakeFiles/CMakeTmp/CMakeFiles 1
Building CXX object CMakeFiles/cmTryCompileExec1424798877.dir/src.cxx.o
/usr/sw-mpp/bin/mpiCC    -DOpenMP_FLAG_DETECTED -mp   -o CMakeFiles/cmTryCompileExec1424798877.dir/src.cxx.o -c /home/export/base/CPC/cpc051/zhaocg/gromacs-5.1.5/build/CMakeFiles/CMakeTmp/src.cxx
/home/export/base/CPC/cpc051/zhaocg/gromacs-5.1.5/build/CMakeFiles/CMakeTmp/src.cxx:2:17: error: omp.h: No such file or directory
gmake[1]: *** [CMakeFiles/cmTryCompileExec1424798877.dir/src.cxx.o] Error 1
gmake[1]: Leaving directory `/home/export/online1/cpc051/zhaocg/gromacs-5.1.5/build/CMakeFiles/CMakeTmp'
gmake: *** [cmTryCompileExec1424798877/fast] Error 2

Source file was:

#include <omp.h>
int main() {
#ifdef _OPENMP
  return 0;
#else
  breaks_on_purpose
#endif
}

Performing C SOURCE FILE Test CFLAGS_WARN_EXTRA failed with the following output:
Change Dir: /home/export/base/CPC/cpc051/zhaocg/gromacs-5.1.5/build/CMakeFiles/CMakeTmp

Run Build Command:/usr/bin/gmake "cmTryCompileExec1106851443/fast"
/usr/bin/gmake -f CMakeFiles/cmTryCompileExec1106851443.dir/build.make CMakeFiles/cmTryCompileExec1106851443.dir/build
gmake[1]: Entering directory `/home/export/online1/cpc051/zhaocg/gromacs-5.1.5/build/CMakeFiles/CMakeTmp'
/usr/bin/cmake -E cmake_progress_report /home/export/base/CPC/cpc051/zhaocg/gromacs-5.1.5/build/CMakeFiles/CMakeTmp/CMakeFiles 1
Building C object CMakeFiles/cmTryCompileExec1106851443.dir/src.c.o
/usr/sw-mpp/bin/mpicc   -DCFLAGS_WARN_EXTRA -Wextra -Wno-missing-field-initializers -Wno-sign-compare -Wpointer-arith   -o CMakeFiles/cmTryCompileExec1106851443.dir/src.c.o   -c /home/export/base/CPC/cpc051/zhaocg/gromacs-5.1.5/build/CMakeFiles/CMakeTmp/src.c
Linking C executable cmTryCompileExec1106851443
/usr/bin/cmake -E cmake_link_script CMakeFiles/cmTryCompileExec1106851443.dir/link.txt --verbose=1
/usr/sw-mpp/bin/mpicc   -DCFLAGS_WARN_EXTRA -Wextra -Wno-missing-field-initializers -Wno-sign-compare -Wpointer-arith    CMakeFiles/cmTryCompileExec1106851443.dir/src.c.o  -o cmTryCompileExec1106851443 -rdynamic 
/usr/sw-mpp/swcc/sw5gcc-binary/bin/../lib/gcc/sw_64thl-unknown-linux-gnu/4.1.2/../../../../sw_64thl-unknown-linux-gnu/bin/ld: unrecognized option '-Wextra'
/usr/sw-mpp/swcc/sw5gcc-binary/bin/../lib/gcc/sw_64thl-unknown-linux-gnu/4.1.2/../../../../sw_64thl-unknown-linux-gnu/bin/ld: use the --help option for usage information
collect2: ld returned 1 exit status
gmake[1]: *** [cmTryCompileExec1106851443] Error 1
gmake[1]: Leaving directory `/home/export/online1/cpc051/zhaocg/gromacs-5.1.5/build/CMakeFiles/CMakeTmp'
gmake: *** [cmTryCompileExec1106851443/fast] Error 2

Source file was:
int main(void) { return 0; }
Performing C SOURCE FILE Test CFLAGS_WARN_REL failed with the following output:
Change Dir: /home/export/base/CPC/cpc051/zhaocg/gromacs-5.1.5/build/CMakeFiles/CMakeTmp

Run Build Command:/usr/bin/gmake "cmTryCompileExec3546123139/fast"
/usr/bin/gmake -f CMakeFiles/cmTryCompileExec3546123139.dir/build.make CMakeFiles/cmTryCompileExec3546123139.dir/build
gmake[1]: Entering directory `/home/export/online1/cpc051/zhaocg/gromacs-5.1.5/build/CMakeFiles/CMakeTmp'
/usr/bin/cmake -E cmake_progress_report /home/export/base/CPC/cpc051/zhaocg/gromacs-5.1.5/build/CMakeFiles/CMakeTmp/CMakeFiles 1
Building C object CMakeFiles/cmTryCompileExec3546123139.dir/src.c.o
/usr/sw-mpp/bin/mpicc   -DCFLAGS_WARN_REL -Wno-array-bounds   -o CMakeFiles/cmTryCompileExec3546123139.dir/src.c.o   -c /home/export/base/CPC/cpc051/zhaocg/gromacs-5.1.5/build/CMakeFiles/CMakeTmp/src.c
cc ERROR parsing -Wno-array-bounds: unknown flag
gmake[1]: *** [CMakeFiles/cmTryCompileExec3546123139.dir/src.c.o] Error 2
gmake[1]: Leaving directory `/home/export/online1/cpc051/zhaocg/gromacs-5.1.5/build/CMakeFiles/CMakeTmp'
gmake: *** [cmTryCompileExec3546123139/fast] Error 2

Source file was:
int main(void) { return 0; }
Performing C SOURCE FILE Test CFLAGS_EXCESS_PREC failed with the following output:
Change Dir: /home/export/base/CPC/cpc051/zhaocg/gromacs-5.1.5/build/CMakeFiles/CMakeTmp

Run Build Command:/usr/bin/gmake "cmTryCompileExec971671088/fast"
/usr/bin/gmake -f CMakeFiles/cmTryCompileExec971671088.dir/build.make CMakeFiles/cmTryCompileExec971671088.dir/build
gmake[1]: Entering directory `/home/export/online1/cpc051/zhaocg/gromacs-5.1.5/build/CMakeFiles/CMakeTmp'
/usr/bin/cmake -E cmake_progress_report /home/export/base/CPC/cpc051/zhaocg/gromacs-5.1.5/build/CMakeFiles/CMakeTmp/CMakeFiles 1
Building C object CMakeFiles/cmTryCompileExec971671088.dir/src.c.o
/usr/sw-mpp/bin/mpicc   -DCFLAGS_EXCESS_PREC -fexcess-precision=fast   -o CMakeFiles/cmTryCompileExec971671088.dir/src.c.o   -c /home/export/base/CPC/cpc051/zhaocg/gromacs-5.1.5/build/CMakeFiles/CMakeTmp/src.c
cc ERROR parsing -fexcess-precision=fast: unknown flag
gmake[1]: *** [CMakeFiles/cmTryCompileExec971671088.dir/src.c.o] Error 2
gmake[1]: Leaving directory `/home/export/online1/cpc051/zhaocg/gromacs-5.1.5/build/CMakeFiles/CMakeTmp'
gmake: *** [cmTryCompileExec971671088/fast] Error 2

Source file was:
int main(void) { return 0; }
Performing C++ SOURCE FILE Test CXXFLAGS_WARN_EXTRA failed with the following output:
Change Dir: /home/export/base/CPC/cpc051/zhaocg/gromacs-5.1.5/build/CMakeFiles/CMakeTmp

Run Build Command:/usr/bin/gmake "cmTryCompileExec4146723587/fast"
/usr/bin/gmake -f CMakeFiles/cmTryCompileExec4146723587.dir/build.make CMakeFiles/cmTryCompileExec4146723587.dir/build
gmake[1]: Entering directory `/home/export/online1/cpc051/zhaocg/gromacs-5.1.5/build/CMakeFiles/CMakeTmp'
/usr/bin/cmake -E cmake_progress_report /home/export/base/CPC/cpc051/zhaocg/gromacs-5.1.5/build/CMakeFiles/CMakeTmp/CMakeFiles 1
Building CXX object CMakeFiles/cmTryCompileExec4146723587.dir/src.cxx.o
/usr/sw-mpp/bin/mpiCC    -DCXXFLAGS_WARN_EXTRA -Wextra -Wno-missing-field-initializers -Wpointer-arith   -o CMakeFiles/cmTryCompileExec4146723587.dir/src.cxx.o -c /home/export/base/CPC/cpc051/zhaocg/gromacs-5.1.5/build/CMakeFiles/CMakeTmp/src.cxx
Linking CXX executable cmTryCompileExec4146723587
/usr/bin/cmake -E cmake_link_script CMakeFiles/cmTryCompileExec4146723587.dir/link.txt --verbose=1
/usr/sw-mpp/bin/mpiCC    -DCXXFLAGS_WARN_EXTRA -Wextra -Wno-missing-field-initializers -Wpointer-arith    CMakeFiles/cmTryCompileExec4146723587.dir/src.cxx.o  -o cmTryCompileExec4146723587 -rdynamic 
/usr/sw-mpp/swcc/sw5gcc-binary/bin/../lib/gcc/sw_64thl-unknown-linux-gnu/4.1.2/../../../../sw_64thl-unknown-linux-gnu/bin/ld: unrecognized option '-Wextra'
/usr/sw-mpp/swcc/sw5gcc-binary/bin/../lib/gcc/sw_64thl-unknown-linux-gnu/4.1.2/../../../../sw_64thl-unknown-linux-gnu/bin/ld: use the --help option for usage information
collect2: ld returned 1 exit status
gmake[1]: *** [cmTryCompileExec4146723587] Error 1
gmake[1]: Leaving directory `/home/export/online1/cpc051/zhaocg/gromacs-5.1.5/build/CMakeFiles/CMakeTmp'
gmake: *** [cmTryCompileExec4146723587/fast] Error 2

Source file was:
int main() { return 0;}
Performing C SOURCE FILE Test CXXFLAGS_WARN_REL failed with the following output:
Change Dir: /home/export/base/CPC/cpc051/zhaocg/gromacs-5.1.5/build/CMakeFiles/CMakeTmp

Run Build Command:/usr/bin/gmake "cmTryCompileExec2181175633/fast"
/usr/bin/gmake -f CMakeFiles/cmTryCompileExec2181175633.dir/build.make CMakeFiles/cmTryCompileExec2181175633.dir/build
gmake[1]: Entering directory `/home/export/online1/cpc051/zhaocg/gromacs-5.1.5/build/CMakeFiles/CMakeTmp'
/usr/bin/cmake -E cmake_progress_report /home/export/base/CPC/cpc051/zhaocg/gromacs-5.1.5/build/CMakeFiles/CMakeTmp/CMakeFiles 1
Building C object CMakeFiles/cmTryCompileExec2181175633.dir/src.c.o
/usr/sw-mpp/bin/mpicc   -DCXXFLAGS_WARN_REL -Wno-array-bounds   -o CMakeFiles/cmTryCompileExec2181175633.dir/src.c.o   -c /home/export/base/CPC/cpc051/zhaocg/gromacs-5.1.5/build/CMakeFiles/CMakeTmp/src.c
cc ERROR parsing -Wno-array-bounds: unknown flag
gmake[1]: *** [CMakeFiles/cmTryCompileExec2181175633.dir/src.c.o] Error 2
gmake[1]: Leaving directory `/home/export/online1/cpc051/zhaocg/gromacs-5.1.5/build/CMakeFiles/CMakeTmp'
gmake: *** [cmTryCompileExec2181175633/fast] Error 2

Source file was:
int main(void) { return 0; }
Performing C++ SOURCE FILE Test CXXFLAGS_EXCESS_PREC failed with the following output:
Change Dir: /home/export/base/CPC/cpc051/zhaocg/gromacs-5.1.5/build/CMakeFiles/CMakeTmp

Run Build Command:/usr/bin/gmake "cmTryCompileExec927347420/fast"
/usr/bin/gmake -f CMakeFiles/cmTryCompileExec927347420.dir/build.make CMakeFiles/cmTryCompileExec927347420.dir/build
gmake[1]: Entering directory `/home/export/online1/cpc051/zhaocg/gromacs-5.1.5/build/CMakeFiles/CMakeTmp'
/usr/bin/cmake -E cmake_progress_report /home/export/base/CPC/cpc051/zhaocg/gromacs-5.1.5/build/CMakeFiles/CMakeTmp/CMakeFiles 1
Building CXX object CMakeFiles/cmTryCompileExec927347420.dir/src.cxx.o
/usr/sw-mpp/bin/mpiCC    -DCXXFLAGS_EXCESS_PREC -fexcess-precision=fast   -o CMakeFiles/cmTryCompileExec927347420.dir/src.cxx.o -c /home/export/base/CPC/cpc051/zhaocg/gromacs-5.1.5/build/CMakeFiles/CMakeTmp/src.cxx
CC ERROR parsing -fexcess-precision=fast: unknown flag
gmake[1]: *** [CMakeFiles/cmTryCompileExec927347420.dir/src.cxx.o] Error 2
gmake[1]: Leaving directory `/home/export/online1/cpc051/zhaocg/gromacs-5.1.5/build/CMakeFiles/CMakeTmp'
gmake: *** [cmTryCompileExec927347420/fast] Error 2

Source file was:
int main() { return 0;}
Determining if files io.h exist failed with the following output:
Change Dir: /home/export/base/CPC/cpc051/zhaocg/gromacs-5.1.5/build/CMakeFiles/CMakeTmp

Run Build Command:/usr/bin/gmake "cmTryCompileExec3011546225/fast"
/usr/bin/gmake -f CMakeFiles/cmTryCompileExec3011546225.dir/build.make CMakeFiles/cmTryCompileExec3011546225.dir/build
gmake[1]: Entering directory `/home/export/online1/cpc051/zhaocg/gromacs-5.1.5/build/CMakeFiles/CMakeTmp'
/usr/bin/cmake -E cmake_progress_report /home/export/base/CPC/cpc051/zhaocg/gromacs-5.1.5/build/CMakeFiles/CMakeTmp/CMakeFiles 1
Building C object CMakeFiles/cmTryCompileExec3011546225.dir/CheckIncludeFiles.c.o
/usr/sw-mpp/bin/mpicc   -Wundef -Wall -Wno-unused -Wunused-value -Wunused-parameter -Wno-unknown-pragmas     -o CMakeFiles/cmTryCompileExec3011546225.dir/CheckIncludeFiles.c.o   -c /home/export/base/CPC/cpc051/zhaocg/gromacs-5.1.5/build/CMakeFiles/CMakeTmp/CheckIncludeFiles.c
/home/export/base/CPC/cpc051/zhaocg/gromacs-5.1.5/build/CMakeFiles/CMakeTmp/CheckIncludeFiles.c:2:16: error: io.h: No such file or directory
gmake[1]: *** [CMakeFiles/cmTryCompileExec3011546225.dir/CheckIncludeFiles.c.o] Error 1
gmake[1]: Leaving directory `/home/export/online1/cpc051/zhaocg/gromacs-5.1.5/build/CMakeFiles/CMakeTmp'
gmake: *** [cmTryCompileExec3011546225/fast] Error 2

Source:
/* */
#include <io.h>


int main(){return 0;}

Determining if the memalign exist failed with the following output:
Change Dir: /home/export/base/CPC/cpc051/zhaocg/gromacs-5.1.5/build/CMakeFiles/CMakeTmp

Run Build Command:/usr/bin/gmake "cmTryCompileExec1542080911/fast"
/usr/bin/gmake -f CMakeFiles/cmTryCompileExec1542080911.dir/build.make CMakeFiles/cmTryCompileExec1542080911.dir/build
gmake[1]: Entering directory `/home/export/online1/cpc051/zhaocg/gromacs-5.1.5/build/CMakeFiles/CMakeTmp'
/usr/bin/cmake -E cmake_progress_report /home/export/base/CPC/cpc051/zhaocg/gromacs-5.1.5/build/CMakeFiles/CMakeTmp/CMakeFiles 1
Building CXX object CMakeFiles/cmTryCompileExec1542080911.dir/CheckSymbolExists.cxx.o
/usr/sw-mpp/bin/mpiCC    -Wundef -Wall -Wno-unused-function -Wno-unknown-pragmas     -o CMakeFiles/cmTryCompileExec1542080911.dir/CheckSymbolExists.cxx.o -c /home/export/base/CPC/cpc051/zhaocg/gromacs-5.1.5/build/CMakeFiles/CMakeTmp/CheckSymbolExists.cxx
/home/export/base/CPC/cpc051/zhaocg/gromacs-5.1.5/build/CMakeFiles/CMakeTmp/CheckSymbolExists.cxx: In function 'int main(int, char**)':
/home/export/base/CPC/cpc051/zhaocg/gromacs-5.1.5/build/CMakeFiles/CMakeTmp/CheckSymbolExists.cxx:8: error: 'memalign' was not declared in this scope
gmake[1]: *** [CMakeFiles/cmTryCompileExec1542080911.dir/CheckSymbolExists.cxx.o] Error 1
gmake[1]: Leaving directory `/home/export/online1/cpc051/zhaocg/gromacs-5.1.5/build/CMakeFiles/CMakeTmp'
gmake: *** [cmTryCompileExec1542080911/fast] Error 2

File /home/export/base/CPC/cpc051/zhaocg/gromacs-5.1.5/build/CMakeFiles/CMakeTmp/CheckSymbolExists.cxx:
/* */
#include <stdlib.h>

int main(int argc, char** argv)
{
  (void)argv;
#ifndef memalign
  return ((int*)(&memalign))[argc];
#else
  (void)argc;
  return 0;
#endif
}

Determining if the _aligned_malloc exist failed with the following output:
Change Dir: /home/export/base/CPC/cpc051/zhaocg/gromacs-5.1.5/build/CMakeFiles/CMakeTmp

Run Build Command:/usr/bin/gmake "cmTryCompileExec2080651190/fast"
/usr/bin/gmake -f CMakeFiles/cmTryCompileExec2080651190.dir/build.make CMakeFiles/cmTryCompileExec2080651190.dir/build
gmake[1]: Entering directory `/home/export/online1/cpc051/zhaocg/gromacs-5.1.5/build/CMakeFiles/CMakeTmp'
/usr/bin/cmake -E cmake_progress_report /home/export/base/CPC/cpc051/zhaocg/gromacs-5.1.5/build/CMakeFiles/CMakeTmp/CMakeFiles 1
Building CXX object CMakeFiles/cmTryCompileExec2080651190.dir/CheckSymbolExists.cxx.o
/usr/sw-mpp/bin/mpiCC    -Wundef -Wall -Wno-unused-function -Wno-unknown-pragmas     -o CMakeFiles/cmTryCompileExec2080651190.dir/CheckSymbolExists.cxx.o -c /home/export/base/CPC/cpc051/zhaocg/gromacs-5.1.5/build/CMakeFiles/CMakeTmp/CheckSymbolExists.cxx
/home/export/base/CPC/cpc051/zhaocg/gromacs-5.1.5/build/CMakeFiles/CMakeTmp/CheckSymbolExists.cxx: In function 'int main(int, char**)':
/home/export/base/CPC/cpc051/zhaocg/gromacs-5.1.5/build/CMakeFiles/CMakeTmp/CheckSymbolExists.cxx:8: error: '_aligned_malloc' was not declared in this scope
gmake[1]: *** [CMakeFiles/cmTryCompileExec2080651190.dir/CheckSymbolExists.cxx.o] Error 1
gmake[1]: Leaving directory `/home/export/online1/cpc051/zhaocg/gromacs-5.1.5/build/CMakeFiles/CMakeTmp'
gmake: *** [cmTryCompileExec2080651190/fast] Error 2

File /home/export/base/CPC/cpc051/zhaocg/gromacs-5.1.5/build/CMakeFiles/CMakeTmp/CheckSymbolExists.cxx:
/* */
#include <stdlib.h>

int main(int argc, char** argv)
{
  (void)argv;
#ifndef _aligned_malloc
  return ((int*)(&_aligned_malloc))[argc];
#else
  (void)argc;
  return 0;
#endif
}

Determining if the _fileno exist failed with the following output:
Change Dir: /home/export/base/CPC/cpc051/zhaocg/gromacs-5.1.5/build/CMakeFiles/CMakeTmp

Run Build Command:/usr/bin/gmake "cmTryCompileExec2951224067/fast"
/usr/bin/gmake -f CMakeFiles/cmTryCompileExec2951224067.dir/build.make CMakeFiles/cmTryCompileExec2951224067.dir/build
gmake[1]: Entering directory `/home/export/online1/cpc051/zhaocg/gromacs-5.1.5/build/CMakeFiles/CMakeTmp'
/usr/bin/cmake -E cmake_progress_report /home/export/base/CPC/cpc051/zhaocg/gromacs-5.1.5/build/CMakeFiles/CMakeTmp/CMakeFiles 1
Building CXX object CMakeFiles/cmTryCompileExec2951224067.dir/CheckSymbolExists.cxx.o
/usr/sw-mpp/bin/mpiCC    -Wundef -Wall -Wno-unused-function -Wno-unknown-pragmas     -o CMakeFiles/cmTryCompileExec2951224067.dir/CheckSymbolExists.cxx.o -c /home/export/base/CPC/cpc051/zhaocg/gromacs-5.1.5/build/CMakeFiles/CMakeTmp/CheckSymbolExists.cxx
/home/export/base/CPC/cpc051/zhaocg/gromacs-5.1.5/build/CMakeFiles/CMakeTmp/CheckSymbolExists.cxx: In function 'int main(int, char**)':
/home/export/base/CPC/cpc051/zhaocg/gromacs-5.1.5/build/CMakeFiles/CMakeTmp/CheckSymbolExists.cxx:8: error: '_fileno' was not declared in this scope
gmake[1]: *** [CMakeFiles/cmTryCompileExec2951224067.dir/CheckSymbolExists.cxx.o] Error 1
gmake[1]: Leaving directory `/home/export/online1/cpc051/zhaocg/gromacs-5.1.5/build/CMakeFiles/CMakeTmp'
gmake: *** [cmTryCompileExec2951224067/fast] Error 2

File /home/export/base/CPC/cpc051/zhaocg/gromacs-5.1.5/build/CMakeFiles/CMakeTmp/CheckSymbolExists.cxx:
/* */
#include <stdio.h>

int main(int argc, char** argv)
{
  (void)argv;
#ifndef _fileno
  return ((int*)(&_fileno))[argc];
#else
  (void)argc;
  return 0;
#endif
}

Determining if the _commit exist failed with the following output:
Change Dir: /home/export/base/CPC/cpc051/zhaocg/gromacs-5.1.5/build/CMakeFiles/CMakeTmp

Run Build Command:/usr/bin/gmake "cmTryCompileExec3190387292/fast"
/usr/bin/gmake -f CMakeFiles/cmTryCompileExec3190387292.dir/build.make CMakeFiles/cmTryCompileExec3190387292.dir/build
gmake[1]: Entering directory `/home/export/online1/cpc051/zhaocg/gromacs-5.1.5/build/CMakeFiles/CMakeTmp'
/usr/bin/cmake -E cmake_progress_report /home/export/base/CPC/cpc051/zhaocg/gromacs-5.1.5/build/CMakeFiles/CMakeTmp/CMakeFiles 1
Building CXX object CMakeFiles/cmTryCompileExec3190387292.dir/CheckSymbolExists.cxx.o
/usr/sw-mpp/bin/mpiCC    -Wundef -Wall -Wno-unused-function -Wno-unknown-pragmas     -o CMakeFiles/cmTryCompileExec3190387292.dir/CheckSymbolExists.cxx.o -c /home/export/base/CPC/cpc051/zhaocg/gromacs-5.1.5/build/CMakeFiles/CMakeTmp/CheckSymbolExists.cxx
/home/export/base/CPC/cpc051/zhaocg/gromacs-5.1.5/build/CMakeFiles/CMakeTmp/CheckSymbolExists.cxx:2:16: error: io.h: No such file or directory
gmake[1]: *** [CMakeFiles/cmTryCompileExec3190387292.dir/CheckSymbolExists.cxx.o] Error 1
gmake[1]: Leaving directory `/home/export/online1/cpc051/zhaocg/gromacs-5.1.5/build/CMakeFiles/CMakeTmp'
gmake: *** [cmTryCompileExec3190387292/fast] Error 2

File /home/export/base/CPC/cpc051/zhaocg/gromacs-5.1.5/build/CMakeFiles/CMakeTmp/CheckSymbolExists.cxx:
/* */
#include <io.h>

int main(int argc, char** argv)
{
  (void)argv;
#ifndef _commit
  return ((int*)(&_commit))[argc];
#else
  (void)argc;
  return 0;
#endif
}

Determining if the rsqrt exist failed with the following output:
Change Dir: /home/export/base/CPC/cpc051/zhaocg/gromacs-5.1.5/build/CMakeFiles/CMakeTmp

Run Build Command:/usr/bin/gmake "cmTryCompileExec234056430/fast"
/usr/bin/gmake -f CMakeFiles/cmTryCompileExec234056430.dir/build.make CMakeFiles/cmTryCompileExec234056430.dir/build
gmake[1]: Entering directory `/home/export/online1/cpc051/zhaocg/gromacs-5.1.5/build/CMakeFiles/CMakeTmp'
/usr/bin/cmake -E cmake_progress_report /home/export/base/CPC/cpc051/zhaocg/gromacs-5.1.5/build/CMakeFiles/CMakeTmp/CMakeFiles 1
Building CXX object CMakeFiles/cmTryCompileExec234056430.dir/CheckSymbolExists.cxx.o
/usr/sw-mpp/bin/mpiCC    -Wundef -Wall -Wno-unused-function -Wno-unknown-pragmas     -o CMakeFiles/cmTryCompileExec234056430.dir/CheckSymbolExists.cxx.o -c /home/export/base/CPC/cpc051/zhaocg/gromacs-5.1.5/build/CMakeFiles/CMakeTmp/CheckSymbolExists.cxx
/home/export/base/CPC/cpc051/zhaocg/gromacs-5.1.5/build/CMakeFiles/CMakeTmp/CheckSymbolExists.cxx: In function 'int main(int, char**)':
/home/export/base/CPC/cpc051/zhaocg/gromacs-5.1.5/build/CMakeFiles/CMakeTmp/CheckSymbolExists.cxx:8: error: 'rsqrt' was not declared in this scope
gmake[1]: *** [CMakeFiles/cmTryCompileExec234056430.dir/CheckSymbolExists.cxx.o] Error 1
gmake[1]: Leaving directory `/home/export/online1/cpc051/zhaocg/gromacs-5.1.5/build/CMakeFiles/CMakeTmp'
gmake: *** [cmTryCompileExec234056430/fast] Error 2

File /home/export/base/CPC/cpc051/zhaocg/gromacs-5.1.5/build/CMakeFiles/CMakeTmp/CheckSymbolExists.cxx:
/* */
#include <math.h>

int main(int argc, char** argv)
{
  (void)argv;
#ifndef rsqrt
  return ((int*)(&rsqrt))[argc];
#else
  (void)argc;
  return 0;
#endif
}

Determining if the rsqrtf exist failed with the following output:
Change Dir: /home/export/base/CPC/cpc051/zhaocg/gromacs-5.1.5/build/CMakeFiles/CMakeTmp

Run Build Command:/usr/bin/gmake "cmTryCompileExec3819492239/fast"
/usr/bin/gmake -f CMakeFiles/cmTryCompileExec3819492239.dir/build.make CMakeFiles/cmTryCompileExec3819492239.dir/build
gmake[1]: Entering directory `/home/export/online1/cpc051/zhaocg/gromacs-5.1.5/build/CMakeFiles/CMakeTmp'
/usr/bin/cmake -E cmake_progress_report /home/export/base/CPC/cpc051/zhaocg/gromacs-5.1.5/build/CMakeFiles/CMakeTmp/CMakeFiles 1
Building CXX object CMakeFiles/cmTryCompileExec3819492239.dir/CheckSymbolExists.cxx.o
/usr/sw-mpp/bin/mpiCC    -Wundef -Wall -Wno-unused-function -Wno-unknown-pragmas     -o CMakeFiles/cmTryCompileExec3819492239.dir/CheckSymbolExists.cxx.o -c /home/export/base/CPC/cpc051/zhaocg/gromacs-5.1.5/build/CMakeFiles/CMakeTmp/CheckSymbolExists.cxx
/home/export/base/CPC/cpc051/zhaocg/gromacs-5.1.5/build/CMakeFiles/CMakeTmp/CheckSymbolExists.cxx: In function 'int main(int, char**)':
/home/export/base/CPC/cpc051/zhaocg/gromacs-5.1.5/build/CMakeFiles/CMakeTmp/CheckSymbolExists.cxx:8: error: 'rsqrtf' was not declared in this scope
gmake[1]: *** [CMakeFiles/cmTryCompileExec3819492239.dir/CheckSymbolExists.cxx.o] Error 1
gmake[1]: Leaving directory `/home/export/online1/cpc051/zhaocg/gromacs-5.1.5/build/CMakeFiles/CMakeTmp'
gmake: *** [cmTryCompileExec3819492239/fast] Error 2

File /home/export/base/CPC/cpc051/zhaocg/gromacs-5.1.5/build/CMakeFiles/CMakeTmp/CheckSymbolExists.cxx:
/* */
#include <math.h>

int main(int argc, char** argv)
{
  (void)argv;
#ifndef rsqrtf
  return ((int*)(&rsqrtf))[argc];
#else
  (void)argc;
  return 0;
#endif
}

Performing C SOURCE FILE Test sched_affinity_compile failed with the following output:
Change Dir: /home/export/base/CPC/cpc051/zhaocg/gromacs-5.1.5/build/CMakeFiles/CMakeTmp

Run Build Command:/usr/bin/gmake "cmTryCompileExec2762656361/fast"
/usr/bin/gmake -f CMakeFiles/cmTryCompileExec2762656361.dir/build.make CMakeFiles/cmTryCompileExec2762656361.dir/build
gmake[1]: Entering directory `/home/export/online1/cpc051/zhaocg/gromacs-5.1.5/build/CMakeFiles/CMakeTmp'
/usr/bin/cmake -E cmake_progress_report /home/export/base/CPC/cpc051/zhaocg/gromacs-5.1.5/build/CMakeFiles/CMakeTmp/CMakeFiles 1
Building C object CMakeFiles/cmTryCompileExec2762656361.dir/src.c.o
/usr/sw-mpp/bin/mpicc   -Wundef -Wall -Wno-unused -Wunused-value -Wunused-parameter -Wno-unknown-pragmas  -Dsched_affinity_compile   -o CMakeFiles/cmTryCompileExec2762656361.dir/src.c.o   -c /home/export/base/CPC/cpc051/zhaocg/gromacs-5.1.5/build/CMakeFiles/CMakeTmp/src.c
/home/export/base/CPC/cpc051/zhaocg/gromacs-5.1.5/build/CMakeFiles/CMakeTmp/src.c: In function 'main':
/home/export/base/CPC/cpc051/zhaocg/gromacs-5.1.5/build/CMakeFiles/CMakeTmp/src.c:16: warning: implicit declaration of function 'CPU_COUNT'
Linking C executable cmTryCompileExec2762656361
/usr/bin/cmake -E cmake_link_script CMakeFiles/cmTryCompileExec2762656361.dir/link.txt --verbose=1
/usr/sw-mpp/bin/mpicc   -Wundef -Wall -Wno-unused -Wunused-value -Wunused-parameter -Wno-unknown-pragmas  -Dsched_affinity_compile    CMakeFiles/cmTryCompileExec2762656361.dir/src.c.o  -o cmTryCompileExec2762656361 -rdynamic 
CMakeFiles/cmTryCompileExec2762656361.dir/src.c.o: In function `main':/home/export/base/CPC/cpc051/zhaocg/gromacs-5.1.5/build/CMakeFiles/CMakeTmp/src.c:16: undefined reference to `CPU_COUNT'
:/home/export/base/CPC/cpc051/zhaocg/gromacs-5.1.5/build/CMakeFiles/CMakeTmp/src.c:16: undefined reference to `CPU_COUNT'
collect2: ld returned 1 exit status
gmake[1]: *** [cmTryCompileExec2762656361] Error 1
gmake[1]: Leaving directory `/home/export/online1/cpc051/zhaocg/gromacs-5.1.5/build/CMakeFiles/CMakeTmp'
gmake: *** [cmTryCompileExec2762656361/fast] Error 2

Source file was:
#ifndef _GNU_SOURCE
#define _GNU_SOURCE 1
#endif
#include <sched.h>
int main(void) {
  int i;
  cpu_set_t mask;
  CPU_ZERO(&mask);
  sched_getaffinity(0, sizeof(cpu_set_t), &mask);
  if(CPU_ISSET(0,&mask))
  {
    CPU_CLR(0,&mask);
    CPU_SET(0,&mask);
  }
  sched_setaffinity(0, sizeof(cpu_set_t), &mask);
  return CPU_COUNT(&mask);
}
Determining if the system is big endian passed with the following output:
Change Dir: /home/export/base/CPC/cpc051/zhaocg/gromacs-5.1.5/build/CMakeFiles/CMakeTmp

Run Build Command:/usr/bin/gmake "cmTryCompileExec2281360927/fast"
/usr/bin/gmake -f CMakeFiles/cmTryCompileExec2281360927.dir/build.make CMakeFiles/cmTryCompileExec2281360927.dir/build
gmake[1]: Entering directory `/home/export/online1/cpc051/zhaocg/gromacs-5.1.5/build/CMakeFiles/CMakeTmp'
/usr/bin/cmake -E cmake_progress_report /home/export/base/CPC/cpc051/zhaocg/gromacs-5.1.5/build/CMakeFiles/CMakeTmp/CMakeFiles 1
Building C object CMakeFiles/cmTryCompileExec2281360927.dir/TestEndianess.c.o
/usr/sw-mpp/bin/mpicc   -Wundef -Wall -Wno-unused -Wunused-value -Wunused-parameter -Wno-unknown-pragmas     -o CMakeFiles/cmTryCompileExec2281360927.dir/TestEndianess.c.o   -c /home/export/base/CPC/cpc051/zhaocg/gromacs-5.1.5/build/CMakeFiles/CMakeTmp/TestEndianess.c
Linking C executable cmTryCompileExec2281360927
/usr/bin/cmake -E cmake_link_script CMakeFiles/cmTryCompileExec2281360927.dir/link.txt --verbose=1
/usr/sw-mpp/bin/mpicc   -Wundef -Wall -Wno-unused -Wunused-value -Wunused-parameter -Wno-unknown-pragmas      CMakeFiles/cmTryCompileExec2281360927.dir/TestEndianess.c.o  -o cmTryCompileExec2281360927 -rdynamic 
gmake[1]: Leaving directory `/home/export/online1/cpc051/zhaocg/gromacs-5.1.5/build/CMakeFiles/CMakeTmp'

TestEndianess.c:
/* A 16 bit integer is required. */
typedef unsigned short cmakeint16;

/* On a little endian machine, these 16bit ints will give "THIS IS LITTLE ENDIAN."
   On a big endian machine the characters will be exchanged pairwise. */
const cmakeint16 info_little[] =  {0x4854, 0x5349, 0x4920, 0x2053, 0x494c, 0x5454, 0x454c, 0x4520, 0x444e, 0x4149, 0x2e4e, 0x0000};

/* on a big endian machine, these 16bit ints will give "THIS IS BIG ENDIAN."
   On a little endian machine the characters will be exchanged pairwise. */
const cmakeint16 info_big[] =     {0x5448, 0x4953, 0x2049, 0x5320, 0x4249, 0x4720, 0x454e, 0x4449, 0x414e, 0x2e2e, 0x0000};

#ifdef __CLASSIC_C__
int main(argc, argv) int argc; char *argv[];
#else
int main(int argc, char *argv[])
#endif
{
  int require = 0;
  require += info_little[argc];
  require += info_big[argc];
  (void)argv;
  return require;
}


Determining if the function xmlTextWriterEndAttribute exists in the /usr/lib64/libxml2.so failed with the following output:
Change Dir: /home/export/base/CPC/cpc051/zhaocg/gromacs-5.1.5/build/CMakeFiles/CMakeTmp

Run Build Command:/usr/bin/gmake "cmTryCompileExec3394458166/fast"
/usr/bin/gmake -f CMakeFiles/cmTryCompileExec3394458166.dir/build.make CMakeFiles/cmTryCompileExec3394458166.dir/build
gmake[1]: Entering directory `/home/export/online1/cpc051/zhaocg/gromacs-5.1.5/build/CMakeFiles/CMakeTmp'
/usr/bin/cmake -E cmake_progress_report /home/export/base/CPC/cpc051/zhaocg/gromacs-5.1.5/build/CMakeFiles/CMakeTmp/CMakeFiles 1
Building C object CMakeFiles/cmTryCompileExec3394458166.dir/CheckFunctionExists.c.o
/usr/sw-mpp/bin/mpicc   -Wundef -Wall -Wno-unused -Wunused-value -Wunused-parameter -Wno-unknown-pragmas  -DCHECK_FUNCTION_EXISTS=xmlTextWriterEndAttribute   -o CMakeFiles/cmTryCompileExec3394458166.dir/CheckFunctionExists.c.o   -c /usr/share/cmake/Modules/CheckFunctionExists.c
Linking C executable cmTryCompileExec3394458166
/usr/bin/cmake -E cmake_link_script CMakeFiles/cmTryCompileExec3394458166.dir/link.txt --verbose=1
/usr/sw-mpp/bin/mpicc   -Wundef -Wall -Wno-unused -Wunused-value -Wunused-parameter -Wno-unknown-pragmas  -DCHECK_FUNCTION_EXISTS=xmlTextWriterEndAttribute    CMakeFiles/cmTryCompileExec3394458166.dir/CheckFunctionExists.c.o  -o cmTryCompileExec3394458166 -rdynamic -lxml2 
/usr/sw-mpp/swcc/sw5gcc-binary/bin/../lib/gcc/sw_64thl-unknown-linux-gnu/4.1.2/../../../../sw_64thl-unknown-linux-gnu/bin/ld: cannot find -lxml2
collect2: ld returned 1 exit status
gmake[1]: *** [cmTryCompileExec3394458166] Error 1
gmake[1]: Leaving directory `/home/export/online1/cpc051/zhaocg/gromacs-5.1.5/build/CMakeFiles/CMakeTmp'
gmake: *** [cmTryCompileExec3394458166/fast] Error 2


Performing C SOURCE FILE Test isfinite_compile_ok failed with the following output:
Change Dir: /home/export/base/CPC/cpc051/zhaocg/gromacs-5.1.5/build/CMakeFiles/CMakeTmp

Run Build Command:/usr/bin/gmake "cmTryCompileExec1356689592/fast"
/usr/bin/gmake -f CMakeFiles/cmTryCompileExec1356689592.dir/build.make CMakeFiles/cmTryCompileExec1356689592.dir/build
gmake[1]: Entering directory `/home/export/online1/cpc051/zhaocg/gromacs-5.1.5/build/CMakeFiles/CMakeTmp'
/usr/bin/cmake -E cmake_progress_report /home/export/base/CPC/cpc051/zhaocg/gromacs-5.1.5/build/CMakeFiles/CMakeTmp/CMakeFiles 1
Building C object CMakeFiles/cmTryCompileExec1356689592.dir/src.c.o
/usr/sw-mpp/bin/mpicc   -Wundef -Wall -Wno-unused -Wunused-value -Wunused-parameter -Wno-unknown-pragmas  -Disfinite_compile_ok -I/home/export/base/CPC/cpc051/zhaocg/gromacs-5.1.5/build/CMakeFiles/CMakeTmp/math.h    -o CMakeFiles/cmTryCompileExec1356689592.dir/src.c.o   -c /home/export/base/CPC/cpc051/zhaocg/gromacs-5.1.5/build/CMakeFiles/CMakeTmp/src.c
/home/export/base/CPC/cpc051/zhaocg/gromacs-5.1.5/build/CMakeFiles/CMakeTmp/src.c: In function 'main':
/home/export/base/CPC/cpc051/zhaocg/gromacs-5.1.5/build/CMakeFiles/CMakeTmp/src.c:4: warning: implicit declaration of function 'isfinite'
"/home/export/base/CPC/cpc051/zhaocg/gromacs-5.1.5/build/CMakeFiles/CMakeTmp/src.c": Warning: Variable anon13 in main might be used uninitialized
Linking C executable cmTryCompileExec1356689592
/usr/bin/cmake -E cmake_link_script CMakeFiles/cmTryCompileExec1356689592.dir/link.txt --verbose=1
/usr/sw-mpp/bin/mpicc   -Wundef -Wall -Wno-unused -Wunused-value -Wunused-parameter -Wno-unknown-pragmas  -Disfinite_compile_ok    CMakeFiles/cmTryCompileExec1356689592.dir/src.c.o  -o cmTryCompileExec1356689592 -rdynamic -lm 
CMakeFiles/cmTryCompileExec1356689592.dir/src.c.o: In function `main':/home/export/base/CPC/cpc051/zhaocg/gromacs-5.1.5/build/CMakeFiles/CMakeTmp/src.c:4: undefined reference to `isfinite'
:/home/export/base/CPC/cpc051/zhaocg/gromacs-5.1.5/build/CMakeFiles/CMakeTmp/src.c:4: undefined reference to `isfinite'
collect2: ld returned 1 exit status
gmake[1]: *** [cmTryCompileExec1356689592] Error 1
gmake[1]: Leaving directory `/home/export/online1/cpc051/zhaocg/gromacs-5.1.5/build/CMakeFiles/CMakeTmp'
gmake: *** [cmTryCompileExec1356689592/fast] Error 2

Source file was:
#include <math.h>
int main(void) {
  float f;
  isfinite(f);
  return 0;
}
Performing C SOURCE FILE Test _isfinite_compile_ok failed with the following output:
Change Dir: /home/export/base/CPC/cpc051/zhaocg/gromacs-5.1.5/build/CMakeFiles/CMakeTmp

Run Build Command:/usr/bin/gmake "cmTryCompileExec3433601827/fast"
/usr/bin/gmake -f CMakeFiles/cmTryCompileExec3433601827.dir/build.make CMakeFiles/cmTryCompileExec3433601827.dir/build
gmake[1]: Entering directory `/home/export/online1/cpc051/zhaocg/gromacs-5.1.5/build/CMakeFiles/CMakeTmp'
/usr/bin/cmake -E cmake_progress_report /home/export/base/CPC/cpc051/zhaocg/gromacs-5.1.5/build/CMakeFiles/CMakeTmp/CMakeFiles 1
Building C object CMakeFiles/cmTryCompileExec3433601827.dir/src.c.o
/usr/sw-mpp/bin/mpicc   -Wundef -Wall -Wno-unused -Wunused-value -Wunused-parameter -Wno-unknown-pragmas  -D_isfinite_compile_ok -I/home/export/base/CPC/cpc051/zhaocg/gromacs-5.1.5/build/CMakeFiles/CMakeTmp/math.h    -o CMakeFiles/cmTryCompileExec3433601827.dir/src.c.o   -c /home/export/base/CPC/cpc051/zhaocg/gromacs-5.1.5/build/CMakeFiles/CMakeTmp/src.c
/home/export/base/CPC/cpc051/zhaocg/gromacs-5.1.5/build/CMakeFiles/CMakeTmp/src.c: In function 'main':
/home/export/base/CPC/cpc051/zhaocg/gromacs-5.1.5/build/CMakeFiles/CMakeTmp/src.c:4: warning: implicit declaration of function '_isfinite'
/home/export/base/CPC/cpc051/zhaocg/gromacs-5.1.5/build/CMakeFiles/CMakeTmp/src.c:5: warning: control reaches end of non-void function
"/home/export/base/CPC/cpc051/zhaocg/gromacs-5.1.5/build/CMakeFiles/CMakeTmp/src.c": Warning: Variable anon13 in main might be used uninitialized
Linking C executable cmTryCompileExec3433601827
/usr/bin/cmake -E cmake_link_script CMakeFiles/cmTryCompileExec3433601827.dir/link.txt --verbose=1
/usr/sw-mpp/bin/mpicc   -Wundef -Wall -Wno-unused -Wunused-value -Wunused-parameter -Wno-unknown-pragmas  -D_isfinite_compile_ok    CMakeFiles/cmTryCompileExec3433601827.dir/src.c.o  -o cmTryCompileExec3433601827 -rdynamic -lm 
CMakeFiles/cmTryCompileExec3433601827.dir/src.c.o: In function `main':/home/export/base/CPC/cpc051/zhaocg/gromacs-5.1.5/build/CMakeFiles/CMakeTmp/src.c:4: undefined reference to `_isfinite'
:/home/export/base/CPC/cpc051/zhaocg/gromacs-5.1.5/build/CMakeFiles/CMakeTmp/src.c:4: undefined reference to `_isfinite'
collect2: ld returned 1 exit status
gmake[1]: *** [cmTryCompileExec3433601827] Error 1
gmake[1]: Leaving directory `/home/export/online1/cpc051/zhaocg/gromacs-5.1.5/build/CMakeFiles/CMakeTmp'
gmake: *** [cmTryCompileExec3433601827/fast] Error 2

Source file was:
#include <math.h>
int main(void) {
  float f;
  _isfinite(f);
}
Performing C SOURCE FILE Test _finite_compile_ok failed with the following output:
Change Dir: /home/export/base/CPC/cpc051/zhaocg/gromacs-5.1.5/build/CMakeFiles/CMakeTmp

Run Build Command:/usr/bin/gmake "cmTryCompileExec2921171649/fast"
/usr/bin/gmake -f CMakeFiles/cmTryCompileExec2921171649.dir/build.make CMakeFiles/cmTryCompileExec2921171649.dir/build
gmake[1]: Entering directory `/home/export/online1/cpc051/zhaocg/gromacs-5.1.5/build/CMakeFiles/CMakeTmp'
/usr/bin/cmake -E cmake_progress_report /home/export/base/CPC/cpc051/zhaocg/gromacs-5.1.5/build/CMakeFiles/CMakeTmp/CMakeFiles 1
Building C object CMakeFiles/cmTryCompileExec2921171649.dir/src.c.o
/usr/sw-mpp/bin/mpicc   -Wundef -Wall -Wno-unused -Wunused-value -Wunused-parameter -Wno-unknown-pragmas  -D_finite_compile_ok -I/home/export/base/CPC/cpc051/zhaocg/gromacs-5.1.5/build/CMakeFiles/CMakeTmp/float.h    -o CMakeFiles/cmTryCompileExec2921171649.dir/src.c.o   -c /home/export/base/CPC/cpc051/zhaocg/gromacs-5.1.5/build/CMakeFiles/CMakeTmp/src.c
/home/export/base/CPC/cpc051/zhaocg/gromacs-5.1.5/build/CMakeFiles/CMakeTmp/src.c: In function 'main':
/home/export/base/CPC/cpc051/zhaocg/gromacs-5.1.5/build/CMakeFiles/CMakeTmp/src.c:4: warning: implicit declaration of function '_finite'
/home/export/base/CPC/cpc051/zhaocg/gromacs-5.1.5/build/CMakeFiles/CMakeTmp/src.c:5: warning: control reaches end of non-void function
"/home/export/base/CPC/cpc051/zhaocg/gromacs-5.1.5/build/CMakeFiles/CMakeTmp/src.c": Warning: Variable anon1 in main might be used uninitialized
Linking C executable cmTryCompileExec2921171649
/usr/bin/cmake -E cmake_link_script CMakeFiles/cmTryCompileExec2921171649.dir/link.txt --verbose=1
/usr/sw-mpp/bin/mpicc   -Wundef -Wall -Wno-unused -Wunused-value -Wunused-parameter -Wno-unknown-pragmas  -D_finite_compile_ok    CMakeFiles/cmTryCompileExec2921171649.dir/src.c.o  -o cmTryCompileExec2921171649 -rdynamic 
CMakeFiles/cmTryCompileExec2921171649.dir/src.c.o: In function `main':/home/export/base/CPC/cpc051/zhaocg/gromacs-5.1.5/build/CMakeFiles/CMakeTmp/src.c:4: undefined reference to `_finite'
:/home/export/base/CPC/cpc051/zhaocg/gromacs-5.1.5/build/CMakeFiles/CMakeTmp/src.c:4: undefined reference to `_finite'
collect2: ld returned 1 exit status
gmake[1]: *** [cmTryCompileExec2921171649] Error 1
gmake[1]: Leaving directory `/home/export/online1/cpc051/zhaocg/gromacs-5.1.5/build/CMakeFiles/CMakeTmp'
gmake: *** [cmTryCompileExec2921171649/fast] Error 2

Source file was:
#include <float.h>
int main(void) {
  float f;
  _finite(f);
}
Performing C++ SOURCE FILE Test CXXFLAG_STD_CXX0X failed with the following output:
Change Dir: /home/export/base/CPC/cpc051/zhaocg/gromacs-5.1.5/build/CMakeFiles/CMakeTmp

Run Build Command:/usr/bin/gmake "cmTryCompileExec3582413649/fast"
/usr/bin/gmake -f CMakeFiles/cmTryCompileExec3582413649.dir/build.make CMakeFiles/cmTryCompileExec3582413649.dir/build
gmake[1]: Entering directory `/home/export/online1/cpc051/zhaocg/gromacs-5.1.5/build/CMakeFiles/CMakeTmp'
/usr/bin/cmake -E cmake_progress_report /home/export/base/CPC/cpc051/zhaocg/gromacs-5.1.5/build/CMakeFiles/CMakeTmp/CMakeFiles 1
Building CXX object CMakeFiles/cmTryCompileExec3582413649.dir/src.cxx.o
/usr/sw-mpp/bin/mpiCC    -Wundef -Wall -Wno-unused-function -Wno-unknown-pragmas  -DCXXFLAG_STD_CXX0X -std=c++0x   -o CMakeFiles/cmTryCompileExec3582413649.dir/src.cxx.o -c /home/export/base/CPC/cpc051/zhaocg/gromacs-5.1.5/build/CMakeFiles/CMakeTmp/src.cxx
CC ERROR parsing -std=c++0x: unknown flag
gmake[1]: *** [CMakeFiles/cmTryCompileExec3582413649.dir/src.cxx.o] Error 2
gmake[1]: Leaving directory `/home/export/online1/cpc051/zhaocg/gromacs-5.1.5/build/CMakeFiles/CMakeTmp'
gmake: *** [cmTryCompileExec3582413649/fast] Error 2

Source file was:
int main() { return 0;}
Performing C++ SOURCE FILE Test GMX_CXX11_SUPPORTED failed with the following output:
Change Dir: /home/export/base/CPC/cpc051/zhaocg/gromacs-5.1.5/build/CMakeFiles/CMakeTmp

Run Build Command:/usr/bin/gmake "cmTryCompileExec2207628778/fast"
/usr/bin/gmake -f CMakeFiles/cmTryCompileExec2207628778.dir/build.make CMakeFiles/cmTryCompileExec2207628778.dir/build
gmake[1]: Entering directory `/home/export/online1/cpc051/zhaocg/gromacs-5.1.5/build/CMakeFiles/CMakeTmp'
/usr/bin/cmake -E cmake_progress_report /home/export/base/CPC/cpc051/zhaocg/gromacs-5.1.5/build/CMakeFiles/CMakeTmp/CMakeFiles 1
Building CXX object CMakeFiles/cmTryCompileExec2207628778.dir/src.cxx.o
/usr/sw-mpp/bin/mpiCC    -Wundef -Wall -Wno-unused-function -Wno-unknown-pragmas  -DGMX_CXX11_SUPPORTED   -o CMakeFiles/cmTryCompileExec2207628778.dir/src.cxx.o -c /home/export/base/CPC/cpc051/zhaocg/gromacs-5.1.5/build/CMakeFiles/CMakeTmp/src.cxx
/home/export/base/CPC/cpc051/zhaocg/gromacs-5.1.5/build/CMakeFiles/CMakeTmp/src.cxx:6: error: ISO C++ forbids declaration of 'unique_ptr' with no type
/home/export/base/CPC/cpc051/zhaocg/gromacs-5.1.5/build/CMakeFiles/CMakeTmp/src.cxx:6: error: invalid use of '::'
/home/export/base/CPC/cpc051/zhaocg/gromacs-5.1.5/build/CMakeFiles/CMakeTmp/src.cxx:6: error: expected ';' before '<' token
/home/export/base/CPC/cpc051/zhaocg/gromacs-5.1.5/build/CMakeFiles/CMakeTmp/src.cxx: In constructor 'A::A(int*)':
/home/export/base/CPC/cpc051/zhaocg/gromacs-5.1.5/build/CMakeFiles/CMakeTmp/src.cxx:5: error: class 'A' does not have any field named 'p'
/home/export/base/CPC/cpc051/zhaocg/gromacs-5.1.5/build/CMakeFiles/CMakeTmp/src.cxx: At global scope:
/home/export/base/CPC/cpc051/zhaocg/gromacs-5.1.5/build/CMakeFiles/CMakeTmp/src.cxx:8: error: expected nested-name-specifier before '...' token
/home/export/base/CPC/cpc051/zhaocg/gromacs-5.1.5/build/CMakeFiles/CMakeTmp/src.cxx:8: error: expected '>' before '...' token
/home/export/base/CPC/cpc051/zhaocg/gromacs-5.1.5/build/CMakeFiles/CMakeTmp/src.cxx:10: error: 'Tail' was not declared in this scope
/home/export/base/CPC/cpc051/zhaocg/gromacs-5.1.5/build/CMakeFiles/CMakeTmp/src.cxx:10: error: wrong number of template arguments (1, should be 2)
/home/export/base/CPC/cpc051/zhaocg/gromacs-5.1.5/build/CMakeFiles/CMakeTmp/src.cxx:9: error: provided for 'template<class Head, int <anonymous> > struct VarList'
/home/export/base/CPC/cpc051/zhaocg/gromacs-5.1.5/build/CMakeFiles/CMakeTmp/src.cxx:11: error: template argument 2 is invalid
/home/export/base/CPC/cpc051/zhaocg/gromacs-5.1.5/build/CMakeFiles/CMakeTmp/src.cxx:13: error: only declarations of constructors can be 'explicit'
/home/export/base/CPC/cpc051/zhaocg/gromacs-5.1.5/build/CMakeFiles/CMakeTmp/src.cxx: In function 'int main()':
/home/export/base/CPC/cpc051/zhaocg/gromacs-5.1.5/build/CMakeFiles/CMakeTmp/src.cxx:15: error: expected initializer before '<' token
/home/export/base/CPC/cpc051/zhaocg/gromacs-5.1.5/build/CMakeFiles/CMakeTmp/src.cxx:16: error: 'intPointer' was not declared in this scope
/home/export/base/CPC/cpc051/zhaocg/gromacs-5.1.5/build/CMakeFiles/CMakeTmp/src.cxx:16: error: expected `;' before 'p'
/home/export/base/CPC/cpc051/zhaocg/gromacs-5.1.5/build/CMakeFiles/CMakeTmp/src.cxx:17: error: 'intPointer' cannot appear in a constant-expression
/home/export/base/CPC/cpc051/zhaocg/gromacs-5.1.5/build/CMakeFiles/CMakeTmp/src.cxx:17: error: template argument 1 is invalid
/home/export/base/CPC/cpc051/zhaocg/gromacs-5.1.5/build/CMakeFiles/CMakeTmp/src.cxx:17: error: template argument 2 is invalid
/home/export/base/CPC/cpc051/zhaocg/gromacs-5.1.5/build/CMakeFiles/CMakeTmp/src.cxx:17: error: invalid type in declaration before ';' token
/home/export/base/CPC/cpc051/zhaocg/gromacs-5.1.5/build/CMakeFiles/CMakeTmp/src.cxx:18: error: request for member 'push_back' in 'v', which is of non-class type 'int'
/home/export/base/CPC/cpc051/zhaocg/gromacs-5.1.5/build/CMakeFiles/CMakeTmp/src.cxx:18: error: 'move' is not a member of 'std'
/home/export/base/CPC/cpc051/zhaocg/gromacs-5.1.5/build/CMakeFiles/CMakeTmp/src.cxx:18: error: 'p' was not declared in this scope
gmake[1]: *** [CMakeFiles/cmTryCompileExec2207628778.dir/src.cxx.o] Error 1
gmake[1]: Leaving directory `/home/export/online1/cpc051/zhaocg/gromacs-5.1.5/build/CMakeFiles/CMakeTmp'
gmake: *** [cmTryCompileExec2207628778/fast] Error 2

Source file was:
#include <vector>
#include <memory>
#include <utility>
struct A {
  A(int *i=NULL) : p(i) {} ;
  std::unique_ptr<int> p;
};
template <typename Head, typename... Tail>
struct VarList {
  typedef VarList<Tail...> VarListTail;
  typedef std::pair<Head, typename VarListTail::ListType> ListType;
};
class a { explicit operator bool() {return true;} };
int main() {
  typedef std::unique_ptr<int> intPointer;
  intPointer p(new int(10));
  std::vector<intPointer> v;
  v.push_back(std::move(p));
  std::vector<A> v2;
  v2.push_back(A());  //requires default move constructor
  v2.push_back(A(new int(5))); //detects bug in ICC
}
Determining if the include file regex exists failed with the following output:
Change Dir: /home/export/base/CPC/cpc051/zhaocg/gromacs-5.1.5/build/CMakeFiles/CMakeTmp

Run Build Command:/usr/bin/gmake "cmTryCompileExec1919231298/fast"
/usr/bin/gmake -f CMakeFiles/cmTryCompileExec1919231298.dir/build.make CMakeFiles/cmTryCompileExec1919231298.dir/build
gmake[1]: Entering directory `/home/export/online1/cpc051/zhaocg/gromacs-5.1.5/build/CMakeFiles/CMakeTmp'
/usr/bin/cmake -E cmake_progress_report /home/export/base/CPC/cpc051/zhaocg/gromacs-5.1.5/build/CMakeFiles/CMakeTmp/CMakeFiles 1
Building CXX object CMakeFiles/cmTryCompileExec1919231298.dir/CheckIncludeFile.cxx.o
/usr/sw-mpp/bin/mpiCC    -Wundef -Wall -Wno-unused-function -Wno-unknown-pragmas     -o CMakeFiles/cmTryCompileExec1919231298.dir/CheckIncludeFile.cxx.o -c /home/export/base/CPC/cpc051/zhaocg/gromacs-5.1.5/build/CMakeFiles/CMakeTmp/CheckIncludeFile.cxx
/home/export/base/CPC/cpc051/zhaocg/gromacs-5.1.5/build/CMakeFiles/CMakeTmp/CheckIncludeFile.cxx:1:17: error: regex: No such file or directory
gmake[1]: *** [CMakeFiles/cmTryCompileExec1919231298.dir/CheckIncludeFile.cxx.o] Error 1
gmake[1]: Leaving directory `/home/export/online1/cpc051/zhaocg/gromacs-5.1.5/build/CMakeFiles/CMakeTmp'
gmake: *** [cmTryCompileExec1919231298/fast] Error 2


Performing C SOURCE FILE Test _callconv___vectorcall failed with the following output:
Change Dir: /home/export/base/CPC/cpc051/zhaocg/gromacs-5.1.5/build/CMakeFiles/CMakeTmp

Run Build Command:/usr/bin/gmake "cmTryCompileExec2830571383/fast"
/usr/bin/gmake -f CMakeFiles/cmTryCompileExec2830571383.dir/build.make CMakeFiles/cmTryCompileExec2830571383.dir/build
gmake[1]: Entering directory `/home/export/online1/cpc051/zhaocg/gromacs-5.1.5/build/CMakeFiles/CMakeTmp'
/usr/bin/cmake -E cmake_progress_report /home/export/base/CPC/cpc051/zhaocg/gromacs-5.1.5/build/CMakeFiles/CMakeTmp/CMakeFiles 1
Building C object CMakeFiles/cmTryCompileExec2830571383.dir/src.c.o
/usr/sw-mpp/bin/mpicc   -Wundef -Wall -Wno-unused -Wunused-value -Wunused-parameter -Wno-unknown-pragmas  -D_callconv___vectorcall   -o CMakeFiles/cmTryCompileExec2830571383.dir/src.c.o   -c /home/export/base/CPC/cpc051/zhaocg/gromacs-5.1.5/build/CMakeFiles/CMakeTmp/src.c
/home/export/base/CPC/cpc051/zhaocg/gromacs-5.1.5/build/CMakeFiles/CMakeTmp/src.c:1: error: expected '=', ',', ';', 'asm' or '__attribute__' before 'f'
/home/export/base/CPC/cpc051/zhaocg/gromacs-5.1.5/build/CMakeFiles/CMakeTmp/src.c: In function 'main':
/home/export/base/CPC/cpc051/zhaocg/gromacs-5.1.5/build/CMakeFiles/CMakeTmp/src.c:1: warning: implicit declaration of function 'f'
gmake[1]: *** [CMakeFiles/cmTryCompileExec2830571383.dir/src.c.o] Error 1
gmake[1]: Leaving directory `/home/export/online1/cpc051/zhaocg/gromacs-5.1.5/build/CMakeFiles/CMakeTmp'
gmake: *** [cmTryCompileExec2830571383/fast] Error 2

Source file was:
int __vectorcall f(int i) {return i;} int main(void) {return f(0);}
Performing C SOURCE FILE Test _callconv___regcall failed with the following output:
Change Dir: /home/export/base/CPC/cpc051/zhaocg/gromacs-5.1.5/build/CMakeFiles/CMakeTmp

Run Build Command:/usr/bin/gmake "cmTryCompileExec1605677786/fast"
/usr/bin/gmake -f CMakeFiles/cmTryCompileExec1605677786.dir/build.make CMakeFiles/cmTryCompileExec1605677786.dir/build
gmake[1]: Entering directory `/home/export/online1/cpc051/zhaocg/gromacs-5.1.5/build/CMakeFiles/CMakeTmp'
/usr/bin/cmake -E cmake_progress_report /home/export/base/CPC/cpc051/zhaocg/gromacs-5.1.5/build/CMakeFiles/CMakeTmp/CMakeFiles 1
Building C object CMakeFiles/cmTryCompileExec1605677786.dir/src.c.o
/usr/sw-mpp/bin/mpicc   -Wundef -Wall -Wno-unused -Wunused-value -Wunused-parameter -Wno-unknown-pragmas  -D_callconv___regcall   -o CMakeFiles/cmTryCompileExec1605677786.dir/src.c.o   -c /home/export/base/CPC/cpc051/zhaocg/gromacs-5.1.5/build/CMakeFiles/CMakeTmp/src.c
/home/export/base/CPC/cpc051/zhaocg/gromacs-5.1.5/build/CMakeFiles/CMakeTmp/src.c:1: error: expected '=', ',', ';', 'asm' or '__attribute__' before 'f'
/home/export/base/CPC/cpc051/zhaocg/gromacs-5.1.5/build/CMakeFiles/CMakeTmp/src.c: In function 'main':
/home/export/base/CPC/cpc051/zhaocg/gromacs-5.1.5/build/CMakeFiles/CMakeTmp/src.c:1: warning: implicit declaration of function 'f'
gmake[1]: *** [CMakeFiles/cmTryCompileExec1605677786.dir/src.c.o] Error 1
gmake[1]: Leaving directory `/home/export/online1/cpc051/zhaocg/gromacs-5.1.5/build/CMakeFiles/CMakeTmp'
gmake: *** [cmTryCompileExec1605677786/fast] Error 2

Source file was:
int __regcall f(int i) {return i;} int main(void) {return f(0);}
Determining if the function sgemm_ exists failed with the following output:
Change Dir: /home/export/base/CPC/cpc051/zhaocg/gromacs-5.1.5/build/CMakeFiles/CMakeTmp

Run Build Command:/usr/bin/gmake "cmTryCompileExec521218809/fast"
/usr/bin/gmake -f CMakeFiles/cmTryCompileExec521218809.dir/build.make CMakeFiles/cmTryCompileExec521218809.dir/build
gmake[1]: Entering directory `/home/export/online1/cpc051/zhaocg/gromacs-5.1.5/build/CMakeFiles/CMakeTmp'
/usr/bin/cmake -E cmake_progress_report /home/export/base/CPC/cpc051/zhaocg/gromacs-5.1.5/build/CMakeFiles/CMakeTmp/CMakeFiles 1
Building C object CMakeFiles/cmTryCompileExec521218809.dir/CheckFunctionExists.c.o
/usr/sw-mpp/bin/mpicc   -Wundef -Wall -Wno-unused -Wunused-value -Wunused-parameter -Wno-unknown-pragmas  -DCHECK_FUNCTION_EXISTS=sgemm_   -o CMakeFiles/cmTryCompileExec521218809.dir/CheckFunctionExists.c.o   -c /usr/share/cmake/Modules/CheckFunctionExists.c
Linking C executable cmTryCompileExec521218809
/usr/bin/cmake -E cmake_link_script CMakeFiles/cmTryCompileExec521218809.dir/link.txt --verbose=1
/usr/sw-mpp/bin/mpicc   -Wundef -Wall -Wno-unused -Wunused-value -Wunused-parameter -Wno-unknown-pragmas  -DCHECK_FUNCTION_EXISTS=sgemm_    CMakeFiles/cmTryCompileExec521218809.dir/CheckFunctionExists.c.o  -o cmTryCompileExec521218809  -L/usr/sw-cluster/intel/composer_xe_2013_sp1.4.211/mkl/lib/intel64 -rdynamic -lmkl_intel_lp64 -lmkl_intel_thread -lmkl_core /usr/sw-cluster/intel/composer_xe_2013_sp1.4.211/compiler/lib/intel64/libiomp5.so -lm -Wl,-rpath,/usr/sw-cluster/intel/composer_xe_2013_sp1.4.211/mkl/lib/intel64:/usr/sw-cluster/intel/composer_xe_2013_sp1.4.211/compiler/lib/intel64 
/usr/sw-mpp/swcc/sw5gcc-binary/bin/../lib/gcc/sw_64thl-unknown-linux-gnu/4.1.2/../../../../sw_64thl-unknown-linux-gnu/bin/ld: skipping incompatible /usr/sw-cluster/intel/composer_xe_2013_sp1.4.211/mkl/lib/intel64/libmkl_intel_lp64.a when searching for -lmkl_intel_lp64
/usr/sw-mpp/swcc/sw5gcc-binary/bin/../lib/gcc/sw_64thl-unknown-linux-gnu/4.1.2/../../../../sw_64thl-unknown-linux-gnu/bin/ld: skipping incompatible /usr/sw-cluster/intel/composer_xe_2013_sp1.4.211/mkl/lib/intel64/libmkl_intel_lp64.a when searching for -lmkl_intel_lp64
/usr/sw-mpp/swcc/sw5gcc-binary/bin/../lib/gcc/sw_64thl-unknown-linux-gnu/4.1.2/../../../../sw_64thl-unknown-linux-gnu/bin/ld: cannot find -lmkl_intel_lp64
collect2: ld returned 1 exit status
gmake[1]: *** [cmTryCompileExec521218809] Error 1
gmake[1]: Leaving directory `/home/export/online1/cpc051/zhaocg/gromacs-5.1.5/build/CMakeFiles/CMakeTmp'
gmake: *** [cmTryCompileExec521218809/fast] Error 2


Determining if the function sgemm_ exists failed with the following output:
Change Dir: /home/export/base/CPC/cpc051/zhaocg/gromacs-5.1.5/build/CMakeFiles/CMakeTmp

Run Build Command:/usr/bin/gmake "cmTryCompileExec3906301522/fast"
/usr/bin/gmake -f CMakeFiles/cmTryCompileExec3906301522.dir/build.make CMakeFiles/cmTryCompileExec3906301522.dir/build
gmake[1]: Entering directory `/home/export/online1/cpc051/zhaocg/gromacs-5.1.5/build/CMakeFiles/CMakeTmp'
/usr/bin/cmake -E cmake_progress_report /home/export/base/CPC/cpc051/zhaocg/gromacs-5.1.5/build/CMakeFiles/CMakeTmp/CMakeFiles 1
Building C object CMakeFiles/cmTryCompileExec3906301522.dir/CheckFunctionExists.c.o
/usr/sw-mpp/bin/mpicc   -Wundef -Wall -Wno-unused -Wunused-value -Wunused-parameter -Wno-unknown-pragmas  -DCHECK_FUNCTION_EXISTS=sgemm_   -o CMakeFiles/cmTryCompileExec3906301522.dir/CheckFunctionExists.c.o   -c /usr/share/cmake/Modules/CheckFunctionExists.c
Linking C executable cmTryCompileExec3906301522
/usr/bin/cmake -E cmake_link_script CMakeFiles/cmTryCompileExec3906301522.dir/link.txt --verbose=1
/usr/sw-mpp/bin/mpicc   -Wundef -Wall -Wno-unused -Wunused-value -Wunused-parameter -Wno-unknown-pragmas  -DCHECK_FUNCTION_EXISTS=sgemm_    CMakeFiles/cmTryCompileExec3906301522.dir/CheckFunctionExists.c.o  -o cmTryCompileExec3906301522  -L/usr/sw-cluster/intel/composer_xe_2013_sp1.4.211/mkl/lib/intel64 -rdynamic -lmkl_intel_lp64 -lmkl_sequential -lmkl_core -lm -Wl,-rpath,/usr/sw-cluster/intel/composer_xe_2013_sp1.4.211/mkl/lib/intel64 
/usr/sw-mpp/swcc/sw5gcc-binary/bin/../lib/gcc/sw_64thl-unknown-linux-gnu/4.1.2/../../../../sw_64thl-unknown-linux-gnu/bin/ld: skipping incompatible /usr/sw-cluster/intel/composer_xe_2013_sp1.4.211/mkl/lib/intel64/libmkl_intel_lp64.a when searching for -lmkl_intel_lp64
/usr/sw-mpp/swcc/sw5gcc-binary/bin/../lib/gcc/sw_64thl-unknown-linux-gnu/4.1.2/../../../../sw_64thl-unknown-linux-gnu/bin/ld: skipping incompatible /usr/sw-cluster/intel/composer_xe_2013_sp1.4.211/mkl/lib/intel64/libmkl_intel_lp64.a when searching for -lmkl_intel_lp64
/usr/sw-mpp/swcc/sw5gcc-binary/bin/../lib/gcc/sw_64thl-unknown-linux-gnu/4.1.2/../../../../sw_64thl-unknown-linux-gnu/bin/ld: cannot find -lmkl_intel_lp64
collect2: ld returned 1 exit status
gmake[1]: *** [cmTryCompileExec3906301522] Error 1
gmake[1]: Leaving directory `/home/export/online1/cpc051/zhaocg/gromacs-5.1.5/build/CMakeFiles/CMakeTmp'
gmake: *** [cmTryCompileExec3906301522/fast] Error 2


Determining if the system is big endian passed with the following output:
Change Dir: /home/export/base/CPC/cpc051/zhaocg/gromacs-5.1.5/build/CMakeFiles/CMakeTmp

Run Build Command:/usr/bin/gmake "cmTryCompileExec1839798673/fast"
/usr/bin/gmake -f CMakeFiles/cmTryCompileExec1839798673.dir/build.make CMakeFiles/cmTryCompileExec1839798673.dir/build
gmake[1]: Entering directory `/home/export/online1/cpc051/zhaocg/gromacs-5.1.5/build/CMakeFiles/CMakeTmp'
/usr/bin/cmake -E cmake_progress_report /home/export/base/CPC/cpc051/zhaocg/gromacs-5.1.5/build/CMakeFiles/CMakeTmp/CMakeFiles 1
Building C object CMakeFiles/cmTryCompileExec1839798673.dir/TestEndianess.c.o
/usr/sw-mpp/bin/mpicc   -Wundef -Wall -Wno-unused -Wunused-value -Wunused-parameter -Wno-unknown-pragmas     -o CMakeFiles/cmTryCompileExec1839798673.dir/TestEndianess.c.o   -c /home/export/base/CPC/cpc051/zhaocg/gromacs-5.1.5/build/CMakeFiles/CMakeTmp/TestEndianess.c
Linking C executable cmTryCompileExec1839798673
/usr/bin/cmake -E cmake_link_script CMakeFiles/cmTryCompileExec1839798673.dir/link.txt --verbose=1
/usr/sw-mpp/bin/mpicc      -Wundef -Wall -Wno-unused -Wunused-value -Wunused-parameter -Wno-unknown-pragmas      CMakeFiles/cmTryCompileExec1839798673.dir/TestEndianess.c.o  -o cmTryCompileExec1839798673 -rdynamic 
gmake[1]: Leaving directory `/home/export/online1/cpc051/zhaocg/gromacs-5.1.5/build/CMakeFiles/CMakeTmp'

TestEndianess.c:
/* A 16 bit integer is required. */
typedef unsigned short cmakeint16;

/* On a little endian machine, these 16bit ints will give "THIS IS LITTLE ENDIAN."
   On a big endian machine the characters will be exchanged pairwise. */
const cmakeint16 info_little[] =  {0x4854, 0x5349, 0x4920, 0x2053, 0x494c, 0x5454, 0x454c, 0x4520, 0x444e, 0x4149, 0x2e4e, 0x0000};

/* on a big endian machine, these 16bit ints will give "THIS IS BIG ENDIAN."
   On a little endian machine the characters will be exchanged pairwise. */
const cmakeint16 info_big[] =     {0x5448, 0x4953, 0x2049, 0x5320, 0x4249, 0x4720, 0x454e, 0x4449, 0x414e, 0x2e2e, 0x0000};

#ifdef __CLASSIC_C__
int main(argc, argv) int argc; char *argv[];
#else
int main(int argc, char *argv[])
#endif
{
  int require = 0;
  require += info_little[argc];
  require += info_big[argc];
  (void)argv;
  return require;
}


Performing C++ SOURCE FILE Test HAS_NO_DEPRECATED_REGISTER failed with the following output:
Change Dir: /home/export/base/CPC/cpc051/zhaocg/gromacs-5.1.5/build/CMakeFiles/CMakeTmp

Run Build Command:/usr/bin/gmake "cmTryCompileExec110777871/fast"
/usr/bin/gmake -f CMakeFiles/cmTryCompileExec110777871.dir/build.make CMakeFiles/cmTryCompileExec110777871.dir/build
gmake[1]: Entering directory `/home/export/online1/cpc051/zhaocg/gromacs-5.1.5/build/CMakeFiles/CMakeTmp'
/usr/bin/cmake -E cmake_progress_report /home/export/base/CPC/cpc051/zhaocg/gromacs-5.1.5/build/CMakeFiles/CMakeTmp/CMakeFiles 1
Building CXX object CMakeFiles/cmTryCompileExec110777871.dir/src.cxx.o
/usr/sw-mpp/bin/mpiCC    -Wundef -Wall -Wno-unused-function -Wno-unknown-pragmas  -DHAS_NO_DEPRECATED_REGISTER -Wno-deprecated-register   -o CMakeFiles/cmTryCompileExec110777871.dir/src.cxx.o -c /home/export/base/CPC/cpc051/zhaocg/gromacs-5.1.5/build/CMakeFiles/CMakeTmp/src.cxx
CC ERROR parsing -Wno-deprecated-register: unknown flag
gmake[1]: *** [CMakeFiles/cmTryCompileExec110777871.dir/src.cxx.o] Error 2
gmake[1]: Leaving directory `/home/export/online1/cpc051/zhaocg/gromacs-5.1.5/build/CMakeFiles/CMakeTmp'
gmake: *** [cmTryCompileExec110777871/fast] Error 2

Source file was:
int main() { return 0;}
